[0.045s] Invoking command in '/home/amankhan-riyasat-pathan/mobile_portfolio_ws/build/turtlebot3_cartographer': CMAKE_PREFIX_PATH=${CMAKE_PREFIX_PATH}:/home/amankhan-riyasat-pathan/mobile_portfolio_ws/install/turtlebot3_teleop:/home/amankhan-riyasat-pathan/mobile_portfolio_ws/install/turtlebot3_example:/home/amankhan-riyasat-pathan/mobile_portfolio_ws/install/perception_pkg:/home/amankhan-riyasat-pathan/ros2_ws/install/turtle_controller:/home/amankhan-riyasat-pathan/ros2_ws/install/my_py_pkg:/home/amankhan-riyasat-pathan/install/my_py_pkg:/home/amankhan-riyasat-pathan/ros2_proj/install/turtle_controller:/home/amankhan-riyasat-pathan/ros2_proj/install/pub_sub_project:/opt/ros/jazzy DEBUGINFOD_URLS=https://debuginfod.ubuntu.com /usr/bin/cmake --build /home/amankhan-riyasat-pathan/mobile_portfolio_ws/build/turtlebot3_cartographer -- -j12 -l12
[0.464s] Invoked command in '/home/amankhan-riyasat-pathan/mobile_portfolio_ws/build/turtlebot3_cartographer' returned '0': CMAKE_PREFIX_PATH=${CMAKE_PREFIX_PATH}:/home/amankhan-riyasat-pathan/mobile_portfolio_ws/install/turtlebot3_teleop:/home/amankhan-riyasat-pathan/mobile_portfolio_ws/install/turtlebot3_example:/home/amankhan-riyasat-pathan/mobile_portfolio_ws/install/perception_pkg:/home/amankhan-riyasat-pathan/ros2_ws/install/turtle_controller:/home/amankhan-riyasat-pathan/ros2_ws/install/my_py_pkg:/home/amankhan-riyasat-pathan/install/my_py_pkg:/home/amankhan-riyasat-pathan/ros2_proj/install/turtle_controller:/home/amankhan-riyasat-pathan/ros2_proj/install/pub_sub_project:/opt/ros/jazzy DEBUGINFOD_URLS=https://debuginfod.ubuntu.com /usr/bin/cmake --build /home/amankhan-riyasat-pathan/mobile_portfolio_ws/build/turtlebot3_cartographer -- -j12 -l12
[0.465s] Invoking command in '/home/amankhan-riyasat-pathan/mobile_portfolio_ws/build/turtlebot3_cartographer': CMAKE_PREFIX_PATH=${CMAKE_PREFIX_PATH}:/home/amankhan-riyasat-pathan/mobile_portfolio_ws/install/turtlebot3_teleop:/home/amankhan-riyasat-pathan/mobile_portfolio_ws/install/turtlebot3_example:/home/amankhan-riyasat-pathan/mobile_portfolio_ws/install/perception_pkg:/home/amankhan-riyasat-pathan/ros2_ws/install/turtle_controller:/home/amankhan-riyasat-pathan/ros2_ws/install/my_py_pkg:/home/amankhan-riyasat-pathan/install/my_py_pkg:/home/amankhan-riyasat-pathan/ros2_proj/install/turtle_controller:/home/amankhan-riyasat-pathan/ros2_proj/install/pub_sub_project:/opt/ros/jazzy DEBUGINFOD_URLS=https://debuginfod.ubuntu.com /usr/bin/cmake --install /home/amankhan-riyasat-pathan/mobile_portfolio_ws/build/turtlebot3_cartographer
[0.665s] -- Install configuration: ""
[0.665s] -- Execute custom install script
[0.665s] -- Up-to-date symlink: /home/amankhan-riyasat-pathan/mobile_portfolio_ws/install/turtlebot3_cartographer/share/turtlebot3_cartographer/config/turtlebot3_lds_2d.lua
[0.665s] -- Up-to-date symlink: /home/amankhan-riyasat-pathan/mobile_portfolio_ws/install/turtlebot3_cartographer/share/turtlebot3_cartographer/launch/cartographer.launch.py
[0.665s] -- Up-to-date symlink: /home/amankhan-riyasat-pathan/mobile_portfolio_ws/install/turtlebot3_cartographer/share/turtlebot3_cartographer/launch/occupancy_grid.launch.py
[0.665s] -- Up-to-date symlink: /home/amankhan-riyasat-pathan/mobile_portfolio_ws/install/turtlebot3_cartographer/share/turtlebot3_cartographer/rviz/tb3_cartographer.rviz
[0.665s] -- Up-to-date symlink: /home/amankhan-riyasat-pathan/mobile_portfolio_ws/install/turtlebot3_cartographer/share/ament_index/resource_index/package_run_dependencies/turtlebot3_cartographer
[0.665s] -- Up-to-date symlink: /home/amankhan-riyasat-pathan/mobile_portfolio_ws/install/turtlebot3_cartographer/share/ament_index/resource_index/parent_prefix_path/turtlebot3_cartographer
[0.665s] -- Up-to-date symlink: /home/amankhan-riyasat-pathan/mobile_portfolio_ws/install/turtlebot3_cartographer/share/turtlebot3_cartographer/environment/ament_prefix_path.sh
[0.665s] -- Up-to-date symlink: /home/amankhan-riyasat-pathan/mobile_portfolio_ws/install/turtlebot3_cartographer/share/turtlebot3_cartographer/environment/ament_prefix_path.dsv
[0.666s] -- Up-to-date symlink: /home/amankhan-riyasat-pathan/mobile_portfolio_ws/install/turtlebot3_cartographer/share/turtlebot3_cartographer/environment/path.sh
[0.666s] -- Up-to-date symlink: /home/amankhan-riyasat-pathan/mobile_portfolio_ws/install/turtlebot3_cartographer/share/turtlebot3_cartographer/environment/path.dsv
[0.666s] -- Up-to-date symlink: /home/amankhan-riyasat-pathan/mobile_portfolio_ws/install/turtlebot3_cartographer/share/turtlebot3_cartographer/local_setup.bash
[0.666s] -- Up-to-date symlink: /home/amankhan-riyasat-pathan/mobile_portfolio_ws/install/turtlebot3_cartographer/share/turtlebot3_cartographer/local_setup.sh
[0.666s] -- Up-to-date symlink: /home/amankhan-riyasat-pathan/mobile_portfolio_ws/install/turtlebot3_cartographer/share/turtlebot3_cartographer/local_setup.zsh
[0.666s] -- Up-to-date symlink: /home/amankhan-riyasat-pathan/mobile_portfolio_ws/install/turtlebot3_cartographer/share/turtlebot3_cartographer/local_setup.dsv
[0.666s] -- Symlinking: /home/amankhan-riyasat-pathan/mobile_portfolio_ws/install/turtlebot3_cartographer/share/turtlebot3_cartographer/package.dsv
[0.666s] -- Up-to-date symlink: /home/amankhan-riyasat-pathan/mobile_portfolio_ws/install/turtlebot3_cartographer/share/ament_index/resource_index/packages/turtlebot3_cartographer
[0.666s] -- Up-to-date symlink: /home/amankhan-riyasat-pathan/mobile_portfolio_ws/install/turtlebot3_cartographer/share/turtlebot3_cartographer/cmake/turtlebot3_cartographerConfig.cmake
[0.666s] -- Up-to-date symlink: /home/amankhan-riyasat-pathan/mobile_portfolio_ws/install/turtlebot3_cartographer/share/turtlebot3_cartographer/cmake/turtlebot3_cartographerConfig-version.cmake
[0.666s] -- Up-to-date symlink: /home/amankhan-riyasat-pathan/mobile_portfolio_ws/install/turtlebot3_cartographer/share/turtlebot3_cartographer/package.xml
[0.698s] Invoked command in '/home/amankhan-riyasat-pathan/mobile_portfolio_ws/build/turtlebot3_cartographer' returned '0': CMAKE_PREFIX_PATH=${CMAKE_PREFIX_PATH}:/home/amankhan-riyasat-pathan/mobile_portfolio_ws/install/turtlebot3_teleop:/home/amankhan-riyasat-pathan/mobile_portfolio_ws/install/turtlebot3_example:/home/amankhan-riyasat-pathan/mobile_portfolio_ws/install/perception_pkg:/home/amankhan-riyasat-pathan/ros2_ws/install/turtle_controller:/home/amankhan-riyasat-pathan/ros2_ws/install/my_py_pkg:/home/amankhan-riyasat-pathan/install/my_py_pkg:/home/amankhan-riyasat-pathan/ros2_proj/install/turtle_controller:/home/amankhan-riyasat-pathan/ros2_proj/install/pub_sub_project:/opt/ros/jazzy DEBUGINFOD_URLS=https://debuginfod.ubuntu.com /usr/bin/cmake --install /home/amankhan-riyasat-pathan/mobile_portfolio_ws/build/turtlebot3_cartographer
