[0.011s] Invoking command in '/home/amankhan-riyasat-pathan/mobile_portfolio_ws/build/turtlebot3_xacro': CMAKE_PREFIX_PATH=/home/amankhan-riyasat-pathan/mobile_portfolio_ws/install/turtlebot3_bringup:/home/amankhan-riyasat-pathan/mobile_portfolio_ws/install/turtlebot3_node:/home/amankhan-riyasat-pathan/mobile_portfolio_ws/install/turtlebot3_description:/home/amankhan-riyasat-pathan/mobile_portfolio_ws/install/turtlebot3:/home/amankhan-riyasat-pathan/mobile_portfolio_ws/install/turtlebot3_simulations:/home/amankhan-riyasat-pathan/mobile_portfolio_ws/install/turtlebot3_navigation2:/home/amankhan-riyasat-pathan/mobile_portfolio_ws/install/turtlebot3_gazebo:/home/amankhan-riyasat-pathan/mobile_portfolio_ws/install/turtlebot3_fake_node:/home/amankhan-riyasat-pathan/mobile_portfolio_ws/install/turtlebot3_cartographer:/home/amankhan-riyasat-pathan/ros2_ws/install/my_robot_interfaces:/opt/ros/jazzy/opt/gz_sim_vendor:/opt/ros/jazzy/opt/gz_sensors_vendor:/opt/ros/jazzy/opt/gz_physics_vendor:/opt/ros/jazzy/opt/sdformat_vendor:/opt/ros/jazzy/opt/gz_gui_vendor:/opt/ros/jazzy/opt/gz_transport_vendor:/opt/ros/jazzy/opt/gz_rendering_vendor:/opt/ros/jazzy/opt/gz_plugin_vendor:/opt/ros/jazzy/opt/gz_fuel_tools_vendor:/opt/ros/jazzy/opt/gz_msgs_vendor:/opt/ros/jazzy/opt/gz_common_vendor:/opt/ros/jazzy/opt/gz_math_vendor:/opt/ros/jazzy/opt/gz_utils_vendor:/opt/ros/jazzy/opt/gz_tools_vendor:/opt/ros/jazzy/opt/gz_ogre_next_vendor:/opt/ros/jazzy/opt/gz_dartsim_vendor:/opt/ros/jazzy/opt/gz_cmake_vendor:/home/amankhan-riyasat-pathan/mobile_portfolio_ws/install/turtlebot3_teleop:/home/amankhan-riyasat-pathan/mobile_portfolio_ws/install/turtlebot3_example:/home/amankhan-riyasat-pathan/mobile_portfolio_ws/install/perception_pkg:/home/amankhan-riyasat-pathan/ros2_ws/install/turtle_controller:/home/amankhan-riyasat-pathan/ros2_ws/install/my_py_pkg:/home/amankhan-riyasat-pathan/install/my_py_pkg:/home/amankhan-riyasat-pathan/ros2_proj/install/turtle_controller:/home/amankhan-riyasat-pathan/ros2_proj/install/pub_sub_project:/opt/ros/jazzy DEBUGINFOD_URLS=https://debuginfod.ubuntu.com /usr/bin/cmake /home/amankhan-riyasat-pathan/mobile_portfolio_ws/src/turtlebot3_xacro -DAMENT_CMAKE_SYMLINK_INSTALL=1 -DCMAKE_INSTALL_PREFIX=/home/amankhan-riyasat-pathan/mobile_portfolio_ws/install/turtlebot3_xacro
[0.065s] -- The C compiler identification is GNU 13.3.0
[0.115s] -- The CXX compiler identification is GNU 13.3.0
[0.131s] -- Detecting C compiler ABI info
[0.218s] -- Detecting C compiler ABI info - done
[0.225s] -- Check for working C compiler: /usr/bin/cc - skipped
[0.226s] -- Detecting C compile features
[0.226s] -- Detecting C compile features - done
[0.235s] -- Detecting CXX compiler ABI info
[0.330s] -- Detecting CXX compiler ABI info - done
[0.338s] -- Check for working CXX compiler: /usr/bin/c++ - skipped
[0.338s] -- Detecting CXX compile features
[0.338s] -- Detecting CXX compile features - done
[0.345s] -- Found ament_cmake: 2.5.4 (/opt/ros/jazzy/share/ament_cmake/cmake)
[0.512s] -- Found Python3: /usr/bin/python3 (found version "3.12.3") found components: Interpreter 
[0.580s] -- Override CMake install command with custom implementation using symlinks instead of copying resources
[0.732s] -- Configuring done (0.7s)
[0.735s] -- Generating done (0.0s)
[0.736s] -- Build files have been written to: /home/amankhan-riyasat-pathan/mobile_portfolio_ws/build/turtlebot3_xacro
[0.742s] Invoked command in '/home/amankhan-riyasat-pathan/mobile_portfolio_ws/build/turtlebot3_xacro' returned '0': CMAKE_PREFIX_PATH=/home/amankhan-riyasat-pathan/mobile_portfolio_ws/install/turtlebot3_bringup:/home/amankhan-riyasat-pathan/mobile_portfolio_ws/install/turtlebot3_node:/home/amankhan-riyasat-pathan/mobile_portfolio_ws/install/turtlebot3_description:/home/amankhan-riyasat-pathan/mobile_portfolio_ws/install/turtlebot3:/home/amankhan-riyasat-pathan/mobile_portfolio_ws/install/turtlebot3_simulations:/home/amankhan-riyasat-pathan/mobile_portfolio_ws/install/turtlebot3_navigation2:/home/amankhan-riyasat-pathan/mobile_portfolio_ws/install/turtlebot3_gazebo:/home/amankhan-riyasat-pathan/mobile_portfolio_ws/install/turtlebot3_fake_node:/home/amankhan-riyasat-pathan/mobile_portfolio_ws/install/turtlebot3_cartographer:/home/amankhan-riyasat-pathan/ros2_ws/install/my_robot_interfaces:/opt/ros/jazzy/opt/gz_sim_vendor:/opt/ros/jazzy/opt/gz_sensors_vendor:/opt/ros/jazzy/opt/gz_physics_vendor:/opt/ros/jazzy/opt/sdformat_vendor:/opt/ros/jazzy/opt/gz_gui_vendor:/opt/ros/jazzy/opt/gz_transport_vendor:/opt/ros/jazzy/opt/gz_rendering_vendor:/opt/ros/jazzy/opt/gz_plugin_vendor:/opt/ros/jazzy/opt/gz_fuel_tools_vendor:/opt/ros/jazzy/opt/gz_msgs_vendor:/opt/ros/jazzy/opt/gz_common_vendor:/opt/ros/jazzy/opt/gz_math_vendor:/opt/ros/jazzy/opt/gz_utils_vendor:/opt/ros/jazzy/opt/gz_tools_vendor:/opt/ros/jazzy/opt/gz_ogre_next_vendor:/opt/ros/jazzy/opt/gz_dartsim_vendor:/opt/ros/jazzy/opt/gz_cmake_vendor:/home/amankhan-riyasat-pathan/mobile_portfolio_ws/install/turtlebot3_teleop:/home/amankhan-riyasat-pathan/mobile_portfolio_ws/install/turtlebot3_example:/home/amankhan-riyasat-pathan/mobile_portfolio_ws/install/perception_pkg:/home/amankhan-riyasat-pathan/ros2_ws/install/turtle_controller:/home/amankhan-riyasat-pathan/ros2_ws/install/my_py_pkg:/home/amankhan-riyasat-pathan/install/my_py_pkg:/home/amankhan-riyasat-pathan/ros2_proj/install/turtle_controller:/home/amankhan-riyasat-pathan/ros2_proj/install/pub_sub_project:/opt/ros/jazzy DEBUGINFOD_URLS=https://debuginfod.ubuntu.com /usr/bin/cmake /home/amankhan-riyasat-pathan/mobile_portfolio_ws/src/turtlebot3_xacro -DAMENT_CMAKE_SYMLINK_INSTALL=1 -DCMAKE_INSTALL_PREFIX=/home/amankhan-riyasat-pathan/mobile_portfolio_ws/install/turtlebot3_xacro
[0.743s] Invoking command in '/home/amankhan-riyasat-pathan/mobile_portfolio_ws/build/turtlebot3_xacro': CMAKE_PREFIX_PATH=/home/amankhan-riyasat-pathan/mobile_portfolio_ws/install/turtlebot3_bringup:/home/amankhan-riyasat-pathan/mobile_portfolio_ws/install/turtlebot3_node:/home/amankhan-riyasat-pathan/mobile_portfolio_ws/install/turtlebot3_description:/home/amankhan-riyasat-pathan/mobile_portfolio_ws/install/turtlebot3:/home/amankhan-riyasat-pathan/mobile_portfolio_ws/install/turtlebot3_simulations:/home/amankhan-riyasat-pathan/mobile_portfolio_ws/install/turtlebot3_navigation2:/home/amankhan-riyasat-pathan/mobile_portfolio_ws/install/turtlebot3_gazebo:/home/amankhan-riyasat-pathan/mobile_portfolio_ws/install/turtlebot3_fake_node:/home/amankhan-riyasat-pathan/mobile_portfolio_ws/install/turtlebot3_cartographer:/home/amankhan-riyasat-pathan/ros2_ws/install/my_robot_interfaces:/opt/ros/jazzy/opt/gz_sim_vendor:/opt/ros/jazzy/opt/gz_sensors_vendor:/opt/ros/jazzy/opt/gz_physics_vendor:/opt/ros/jazzy/opt/sdformat_vendor:/opt/ros/jazzy/opt/gz_gui_vendor:/opt/ros/jazzy/opt/gz_transport_vendor:/opt/ros/jazzy/opt/gz_rendering_vendor:/opt/ros/jazzy/opt/gz_plugin_vendor:/opt/ros/jazzy/opt/gz_fuel_tools_vendor:/opt/ros/jazzy/opt/gz_msgs_vendor:/opt/ros/jazzy/opt/gz_common_vendor:/opt/ros/jazzy/opt/gz_math_vendor:/opt/ros/jazzy/opt/gz_utils_vendor:/opt/ros/jazzy/opt/gz_tools_vendor:/opt/ros/jazzy/opt/gz_ogre_next_vendor:/opt/ros/jazzy/opt/gz_dartsim_vendor:/opt/ros/jazzy/opt/gz_cmake_vendor:/home/amankhan-riyasat-pathan/mobile_portfolio_ws/install/turtlebot3_teleop:/home/amankhan-riyasat-pathan/mobile_portfolio_ws/install/turtlebot3_example:/home/amankhan-riyasat-pathan/mobile_portfolio_ws/install/perception_pkg:/home/amankhan-riyasat-pathan/ros2_ws/install/turtle_controller:/home/amankhan-riyasat-pathan/ros2_ws/install/my_py_pkg:/home/amankhan-riyasat-pathan/install/my_py_pkg:/home/amankhan-riyasat-pathan/ros2_proj/install/turtle_controller:/home/amankhan-riyasat-pathan/ros2_proj/install/pub_sub_project:/opt/ros/jazzy DEBUGINFOD_URLS=https://debuginfod.ubuntu.com /usr/bin/cmake --build /home/amankhan-riyasat-pathan/mobile_portfolio_ws/build/turtlebot3_xacro -- -j12 -l12
[0.784s] Invoked command in '/home/amankhan-riyasat-pathan/mobile_portfolio_ws/build/turtlebot3_xacro' returned '0': CMAKE_PREFIX_PATH=/home/amankhan-riyasat-pathan/mobile_portfolio_ws/install/turtlebot3_bringup:/home/amankhan-riyasat-pathan/mobile_portfolio_ws/install/turtlebot3_node:/home/amankhan-riyasat-pathan/mobile_portfolio_ws/install/turtlebot3_description:/home/amankhan-riyasat-pathan/mobile_portfolio_ws/install/turtlebot3:/home/amankhan-riyasat-pathan/mobile_portfolio_ws/install/turtlebot3_simulations:/home/amankhan-riyasat-pathan/mobile_portfolio_ws/install/turtlebot3_navigation2:/home/amankhan-riyasat-pathan/mobile_portfolio_ws/install/turtlebot3_gazebo:/home/amankhan-riyasat-pathan/mobile_portfolio_ws/install/turtlebot3_fake_node:/home/amankhan-riyasat-pathan/mobile_portfolio_ws/install/turtlebot3_cartographer:/home/amankhan-riyasat-pathan/ros2_ws/install/my_robot_interfaces:/opt/ros/jazzy/opt/gz_sim_vendor:/opt/ros/jazzy/opt/gz_sensors_vendor:/opt/ros/jazzy/opt/gz_physics_vendor:/opt/ros/jazzy/opt/sdformat_vendor:/opt/ros/jazzy/opt/gz_gui_vendor:/opt/ros/jazzy/opt/gz_transport_vendor:/opt/ros/jazzy/opt/gz_rendering_vendor:/opt/ros/jazzy/opt/gz_plugin_vendor:/opt/ros/jazzy/opt/gz_fuel_tools_vendor:/opt/ros/jazzy/opt/gz_msgs_vendor:/opt/ros/jazzy/opt/gz_common_vendor:/opt/ros/jazzy/opt/gz_math_vendor:/opt/ros/jazzy/opt/gz_utils_vendor:/opt/ros/jazzy/opt/gz_tools_vendor:/opt/ros/jazzy/opt/gz_ogre_next_vendor:/opt/ros/jazzy/opt/gz_dartsim_vendor:/opt/ros/jazzy/opt/gz_cmake_vendor:/home/amankhan-riyasat-pathan/mobile_portfolio_ws/install/turtlebot3_teleop:/home/amankhan-riyasat-pathan/mobile_portfolio_ws/install/turtlebot3_example:/home/amankhan-riyasat-pathan/mobile_portfolio_ws/install/perception_pkg:/home/amankhan-riyasat-pathan/ros2_ws/install/turtle_controller:/home/amankhan-riyasat-pathan/ros2_ws/install/my_py_pkg:/home/amankhan-riyasat-pathan/install/my_py_pkg:/home/amankhan-riyasat-pathan/ros2_proj/install/turtle_controller:/home/amankhan-riyasat-pathan/ros2_proj/install/pub_sub_project:/opt/ros/jazzy DEBUGINFOD_URLS=https://debuginfod.ubuntu.com /usr/bin/cmake --build /home/amankhan-riyasat-pathan/mobile_portfolio_ws/build/turtlebot3_xacro -- -j12 -l12
[0.785s] Invoking command in '/home/amankhan-riyasat-pathan/mobile_portfolio_ws/build/turtlebot3_xacro': CMAKE_PREFIX_PATH=/home/amankhan-riyasat-pathan/mobile_portfolio_ws/install/turtlebot3_bringup:/home/amankhan-riyasat-pathan/mobile_portfolio_ws/install/turtlebot3_node:/home/amankhan-riyasat-pathan/mobile_portfolio_ws/install/turtlebot3_description:/home/amankhan-riyasat-pathan/mobile_portfolio_ws/install/turtlebot3:/home/amankhan-riyasat-pathan/mobile_portfolio_ws/install/turtlebot3_simulations:/home/amankhan-riyasat-pathan/mobile_portfolio_ws/install/turtlebot3_navigation2:/home/amankhan-riyasat-pathan/mobile_portfolio_ws/install/turtlebot3_gazebo:/home/amankhan-riyasat-pathan/mobile_portfolio_ws/install/turtlebot3_fake_node:/home/amankhan-riyasat-pathan/mobile_portfolio_ws/install/turtlebot3_cartographer:/home/amankhan-riyasat-pathan/ros2_ws/install/my_robot_interfaces:/opt/ros/jazzy/opt/gz_sim_vendor:/opt/ros/jazzy/opt/gz_sensors_vendor:/opt/ros/jazzy/opt/gz_physics_vendor:/opt/ros/jazzy/opt/sdformat_vendor:/opt/ros/jazzy/opt/gz_gui_vendor:/opt/ros/jazzy/opt/gz_transport_vendor:/opt/ros/jazzy/opt/gz_rendering_vendor:/opt/ros/jazzy/opt/gz_plugin_vendor:/opt/ros/jazzy/opt/gz_fuel_tools_vendor:/opt/ros/jazzy/opt/gz_msgs_vendor:/opt/ros/jazzy/opt/gz_common_vendor:/opt/ros/jazzy/opt/gz_math_vendor:/opt/ros/jazzy/opt/gz_utils_vendor:/opt/ros/jazzy/opt/gz_tools_vendor:/opt/ros/jazzy/opt/gz_ogre_next_vendor:/opt/ros/jazzy/opt/gz_dartsim_vendor:/opt/ros/jazzy/opt/gz_cmake_vendor:/home/amankhan-riyasat-pathan/mobile_portfolio_ws/install/turtlebot3_teleop:/home/amankhan-riyasat-pathan/mobile_portfolio_ws/install/turtlebot3_example:/home/amankhan-riyasat-pathan/mobile_portfolio_ws/install/perception_pkg:/home/amankhan-riyasat-pathan/ros2_ws/install/turtle_controller:/home/amankhan-riyasat-pathan/ros2_ws/install/my_py_pkg:/home/amankhan-riyasat-pathan/install/my_py_pkg:/home/amankhan-riyasat-pathan/ros2_proj/install/turtle_controller:/home/amankhan-riyasat-pathan/ros2_proj/install/pub_sub_project:/opt/ros/jazzy DEBUGINFOD_URLS=https://debuginfod.ubuntu.com /usr/bin/cmake --install /home/amankhan-riyasat-pathan/mobile_portfolio_ws/build/turtlebot3_xacro
[0.793s] -- Install configuration: ""
[0.794s] -- Execute custom install script
[0.794s] -- Symlinking: /home/amankhan-riyasat-pathan/mobile_portfolio_ws/install/turtlebot3_xacro/share/turtlebot3_xacro/environment/resource_paths.dsv
[0.804s] -- Symlinking: /home/amankhan-riyasat-pathan/mobile_portfolio_ws/install/turtlebot3_xacro/share/turtlebot3_xacro/launch/Twist.yaml
[0.813s] -- Symlinking: /home/amankhan-riyasat-pathan/mobile_portfolio_ws/install/turtlebot3_xacro/share/turtlebot3_xacro/launch/bringup_launch.py
[0.822s] -- Symlinking: /home/amankhan-riyasat-pathan/mobile_portfolio_ws/install/turtlebot3_xacro/share/turtlebot3_xacro/launch/cam_launch.py
[0.831s] -- Symlinking: /home/amankhan-riyasat-pathan/mobile_portfolio_ws/install/turtlebot3_xacro/share/turtlebot3_xacro/launch/description_launch.py
[0.841s] -- Symlinking: /home/amankhan-riyasat-pathan/mobile_portfolio_ws/install/turtlebot3_xacro/share/turtlebot3_xacro/launch/manual_launch.py
[0.851s] -- Symlinking: /home/amankhan-riyasat-pathan/mobile_portfolio_ws/install/turtlebot3_xacro/share/turtlebot3_xacro/launch/rviz_launch.py
[0.861s] -- Symlinking: /home/amankhan-riyasat-pathan/mobile_portfolio_ws/install/turtlebot3_xacro/share/turtlebot3_xacro/launch/upload_launch.py
[0.870s] -- Symlinking: /home/amankhan-riyasat-pathan/mobile_portfolio_ws/install/turtlebot3_xacro/share/turtlebot3_xacro/launch/world_launch.py
[0.880s] -- Symlinking: /home/amankhan-riyasat-pathan/mobile_portfolio_ws/install/turtlebot3_xacro/share/turtlebot3_xacro/config/ekf.yaml
[0.889s] -- Symlinking: /home/amankhan-riyasat-pathan/mobile_portfolio_ws/install/turtlebot3_xacro/share/turtlebot3_xacro/config/model.rviz
[0.899s] -- Symlinking: /home/amankhan-riyasat-pathan/mobile_portfolio_ws/install/turtlebot3_xacro/share/turtlebot3_xacro/config/pi_camera.yaml
[0.908s] -- Symlinking: /home/amankhan-riyasat-pathan/mobile_portfolio_ws/install/turtlebot3_xacro/share/turtlebot3_xacro/meshes/bases/burger_base.stl
[0.918s] -- Symlinking: /home/amankhan-riyasat-pathan/mobile_portfolio_ws/install/turtlebot3_xacro/share/turtlebot3_xacro/meshes/bases/waffle_base.stl
[0.927s] -- Symlinking: /home/amankhan-riyasat-pathan/mobile_portfolio_ws/install/turtlebot3_xacro/share/turtlebot3_xacro/meshes/bases/waffle_pi_base.stl
[0.937s] -- Symlinking: /home/amankhan-riyasat-pathan/mobile_portfolio_ws/install/turtlebot3_xacro/share/turtlebot3_xacro/meshes/sensors/astra.dae
[0.947s] -- Symlinking: /home/amankhan-riyasat-pathan/mobile_portfolio_ws/install/turtlebot3_xacro/share/turtlebot3_xacro/meshes/sensors/astra.jpg
[0.957s] -- Symlinking: /home/amankhan-riyasat-pathan/mobile_portfolio_ws/install/turtlebot3_xacro/share/turtlebot3_xacro/meshes/sensors/lds.stl
[0.967s] -- Symlinking: /home/amankhan-riyasat-pathan/mobile_portfolio_ws/install/turtlebot3_xacro/share/turtlebot3_xacro/meshes/sensors/r200.dae
[0.977s] -- Symlinking: /home/amankhan-riyasat-pathan/mobile_portfolio_ws/install/turtlebot3_xacro/share/turtlebot3_xacro/meshes/sensors/r200.jpg
[0.986s] -- Symlinking: /home/amankhan-riyasat-pathan/mobile_portfolio_ws/install/turtlebot3_xacro/share/turtlebot3_xacro/meshes/wheels/left_tire.stl
[0.996s] -- Symlinking: /home/amankhan-riyasat-pathan/mobile_portfolio_ws/install/turtlebot3_xacro/share/turtlebot3_xacro/meshes/wheels/right_tire.stl
[1.006s] -- Symlinking: /home/amankhan-riyasat-pathan/mobile_portfolio_ws/install/turtlebot3_xacro/share/turtlebot3_xacro/urdf/common_properties.urdf
[1.017s] -- Symlinking: /home/amankhan-riyasat-pathan/mobile_portfolio_ws/install/turtlebot3_xacro/share/turtlebot3_xacro/urdf/common_properties.xacro
[1.027s] -- Symlinking: /home/amankhan-riyasat-pathan/mobile_portfolio_ws/install/turtlebot3_xacro/share/turtlebot3_xacro/urdf/turtlebot3_burger.urdf.xacro
[1.037s] -- Symlinking: /home/amankhan-riyasat-pathan/mobile_portfolio_ws/install/turtlebot3_xacro/share/turtlebot3_xacro/urdf/turtlebot3_gazebo.xacro
[1.048s] -- Symlinking: /home/amankhan-riyasat-pathan/mobile_portfolio_ws/install/turtlebot3_xacro/share/turtlebot3_xacro/urdf/turtlebot3_waffle_pi.urdf.xacro
[1.058s] -- Symlinking: /home/amankhan-riyasat-pathan/mobile_portfolio_ws/install/turtlebot3_xacro/share/turtlebot3_xacro/urdf/turtlebot3_world.sdf
[1.069s] -- Symlinking: /home/amankhan-riyasat-pathan/mobile_portfolio_ws/install/turtlebot3_xacro/lib/turtlebot3_xacro/99-turtlebot3-cdc.rules
[1.079s] -- Symlinking: /home/amankhan-riyasat-pathan/mobile_portfolio_ws/install/turtlebot3_xacro/lib/turtlebot3_xacro/bringup.sh
[1.089s] -- Symlinking: /home/amankhan-riyasat-pathan/mobile_portfolio_ws/install/turtlebot3_xacro/lib/turtlebot3_xacro/create_udev_rules
[1.098s] -- Symlinking: /home/amankhan-riyasat-pathan/mobile_portfolio_ws/install/turtlebot3_xacro/lib/turtlebot3_xacro/odometry.py
[1.107s] -- Symlinking: /home/amankhan-riyasat-pathan/mobile_portfolio_ws/install/turtlebot3_xacro/lib/turtlebot3_xacro/record4slam.sh
[1.117s] -- Symlinking: /home/amankhan-riyasat-pathan/mobile_portfolio_ws/install/turtlebot3_xacro/lib/turtlebot3_xacro/setup_boot_bringup.sh
[1.128s] -- Symlinking: /home/amankhan-riyasat-pathan/mobile_portfolio_ws/install/turtlebot3_xacro/lib/turtlebot3_xacro/sync_time.sh
[1.137s] -- Symlinking: /home/amankhan-riyasat-pathan/mobile_portfolio_ws/install/turtlebot3_xacro/share/ament_index/resource_index/package_run_dependencies/turtlebot3_xacro
[1.147s] -- Symlinking: /home/amankhan-riyasat-pathan/mobile_portfolio_ws/install/turtlebot3_xacro/share/ament_index/resource_index/parent_prefix_path/turtlebot3_xacro
[1.157s] -- Symlinking: /home/amankhan-riyasat-pathan/mobile_portfolio_ws/install/turtlebot3_xacro/share/turtlebot3_xacro/environment/ament_prefix_path.sh
[1.166s] -- Symlinking: /home/amankhan-riyasat-pathan/mobile_portfolio_ws/install/turtlebot3_xacro/share/turtlebot3_xacro/environment/ament_prefix_path.dsv
[1.175s] -- Symlinking: /home/amankhan-riyasat-pathan/mobile_portfolio_ws/install/turtlebot3_xacro/share/turtlebot3_xacro/environment/path.sh
[1.184s] -- Symlinking: /home/amankhan-riyasat-pathan/mobile_portfolio_ws/install/turtlebot3_xacro/share/turtlebot3_xacro/environment/path.dsv
[1.192s] -- Symlinking: /home/amankhan-riyasat-pathan/mobile_portfolio_ws/install/turtlebot3_xacro/share/turtlebot3_xacro/local_setup.bash
[1.201s] -- Symlinking: /home/amankhan-riyasat-pathan/mobile_portfolio_ws/install/turtlebot3_xacro/share/turtlebot3_xacro/local_setup.sh
[1.210s] -- Symlinking: /home/amankhan-riyasat-pathan/mobile_portfolio_ws/install/turtlebot3_xacro/share/turtlebot3_xacro/local_setup.zsh
[1.218s] -- Symlinking: /home/amankhan-riyasat-pathan/mobile_portfolio_ws/install/turtlebot3_xacro/share/turtlebot3_xacro/local_setup.dsv
[1.228s] -- Symlinking: /home/amankhan-riyasat-pathan/mobile_portfolio_ws/install/turtlebot3_xacro/share/turtlebot3_xacro/package.dsv
[1.237s] -- Symlinking: /home/amankhan-riyasat-pathan/mobile_portfolio_ws/install/turtlebot3_xacro/share/ament_index/resource_index/packages/turtlebot3_xacro
[1.246s] -- Symlinking: /home/amankhan-riyasat-pathan/mobile_portfolio_ws/install/turtlebot3_xacro/share/turtlebot3_xacro/cmake/turtlebot3_xacroConfig.cmake
[1.255s] -- Symlinking: /home/amankhan-riyasat-pathan/mobile_portfolio_ws/install/turtlebot3_xacro/share/turtlebot3_xacro/cmake/turtlebot3_xacroConfig-version.cmake
[1.264s] -- Symlinking: /home/amankhan-riyasat-pathan/mobile_portfolio_ws/install/turtlebot3_xacro/share/turtlebot3_xacro/package.xml
[1.275s] Invoked command in '/home/amankhan-riyasat-pathan/mobile_portfolio_ws/build/turtlebot3_xacro' returned '0': CMAKE_PREFIX_PATH=/home/amankhan-riyasat-pathan/mobile_portfolio_ws/install/turtlebot3_bringup:/home/amankhan-riyasat-pathan/mobile_portfolio_ws/install/turtlebot3_node:/home/amankhan-riyasat-pathan/mobile_portfolio_ws/install/turtlebot3_description:/home/amankhan-riyasat-pathan/mobile_portfolio_ws/install/turtlebot3:/home/amankhan-riyasat-pathan/mobile_portfolio_ws/install/turtlebot3_simulations:/home/amankhan-riyasat-pathan/mobile_portfolio_ws/install/turtlebot3_navigation2:/home/amankhan-riyasat-pathan/mobile_portfolio_ws/install/turtlebot3_gazebo:/home/amankhan-riyasat-pathan/mobile_portfolio_ws/install/turtlebot3_fake_node:/home/amankhan-riyasat-pathan/mobile_portfolio_ws/install/turtlebot3_cartographer:/home/amankhan-riyasat-pathan/ros2_ws/install/my_robot_interfaces:/opt/ros/jazzy/opt/gz_sim_vendor:/opt/ros/jazzy/opt/gz_sensors_vendor:/opt/ros/jazzy/opt/gz_physics_vendor:/opt/ros/jazzy/opt/sdformat_vendor:/opt/ros/jazzy/opt/gz_gui_vendor:/opt/ros/jazzy/opt/gz_transport_vendor:/opt/ros/jazzy/opt/gz_rendering_vendor:/opt/ros/jazzy/opt/gz_plugin_vendor:/opt/ros/jazzy/opt/gz_fuel_tools_vendor:/opt/ros/jazzy/opt/gz_msgs_vendor:/opt/ros/jazzy/opt/gz_common_vendor:/opt/ros/jazzy/opt/gz_math_vendor:/opt/ros/jazzy/opt/gz_utils_vendor:/opt/ros/jazzy/opt/gz_tools_vendor:/opt/ros/jazzy/opt/gz_ogre_next_vendor:/opt/ros/jazzy/opt/gz_dartsim_vendor:/opt/ros/jazzy/opt/gz_cmake_vendor:/home/amankhan-riyasat-pathan/mobile_portfolio_ws/install/turtlebot3_teleop:/home/amankhan-riyasat-pathan/mobile_portfolio_ws/install/turtlebot3_example:/home/amankhan-riyasat-pathan/mobile_portfolio_ws/install/perception_pkg:/home/amankhan-riyasat-pathan/ros2_ws/install/turtle_controller:/home/amankhan-riyasat-pathan/ros2_ws/install/my_py_pkg:/home/amankhan-riyasat-pathan/install/my_py_pkg:/home/amankhan-riyasat-pathan/ros2_proj/install/turtle_controller:/home/amankhan-riyasat-pathan/ros2_proj/install/pub_sub_project:/opt/ros/jazzy DEBUGINFOD_URLS=https://debuginfod.ubuntu.com /usr/bin/cmake --install /home/amankhan-riyasat-pathan/mobile_portfolio_ws/build/turtlebot3_xacro
