[0.048s] Invoking command in '/home/amankhan-riyasat-pathan/mobile_portfolio_ws/build/turtlebot3_node': CMAKE_PREFIX_PATH=${CMAKE_PREFIX_PATH}:/home/amankhan-riyasat-pathan/mobile_portfolio_ws/install/turtlebot3_teleop:/home/amankhan-riyasat-pathan/mobile_portfolio_ws/install/turtlebot3_example:/home/amankhan-riyasat-pathan/mobile_portfolio_ws/install/perception_pkg:/home/amankhan-riyasat-pathan/ros2_ws/install/turtle_controller:/home/amankhan-riyasat-pathan/ros2_ws/install/my_py_pkg:/home/amankhan-riyasat-pathan/install/my_py_pkg:/home/amankhan-riyasat-pathan/ros2_proj/install/turtle_controller:/home/amankhan-riyasat-pathan/ros2_proj/install/pub_sub_project:/opt/ros/jazzy DEBUGINFOD_URLS=https://debuginfod.ubuntu.com /usr/bin/cmake --build /home/amankhan-riyasat-pathan/mobile_portfolio_ws/build/turtlebot3_node -- -j12 -l12
[0.455s] [ 85%] Built target turtlebot3_node_lib
[0.455s] [100%] Built target turtlebot3_ros
[0.468s] Invoked command in '/home/amankhan-riyasat-pathan/mobile_portfolio_ws/build/turtlebot3_node' returned '0': CMAKE_PREFIX_PATH=${CMAKE_PREFIX_PATH}:/home/amankhan-riyasat-pathan/mobile_portfolio_ws/install/turtlebot3_teleop:/home/amankhan-riyasat-pathan/mobile_portfolio_ws/install/turtlebot3_example:/home/amankhan-riyasat-pathan/mobile_portfolio_ws/install/perception_pkg:/home/amankhan-riyasat-pathan/ros2_ws/install/turtle_controller:/home/amankhan-riyasat-pathan/ros2_ws/install/my_py_pkg:/home/amankhan-riyasat-pathan/install/my_py_pkg:/home/amankhan-riyasat-pathan/ros2_proj/install/turtle_controller:/home/amankhan-riyasat-pathan/ros2_proj/install/pub_sub_project:/opt/ros/jazzy DEBUGINFOD_URLS=https://debuginfod.ubuntu.com /usr/bin/cmake --build /home/amankhan-riyasat-pathan/mobile_portfolio_ws/build/turtlebot3_node -- -j12 -l12
[0.469s] Invoking command in '/home/amankhan-riyasat-pathan/mobile_portfolio_ws/build/turtlebot3_node': CMAKE_PREFIX_PATH=${CMAKE_PREFIX_PATH}:/home/amankhan-riyasat-pathan/mobile_portfolio_ws/install/turtlebot3_teleop:/home/amankhan-riyasat-pathan/mobile_portfolio_ws/install/turtlebot3_example:/home/amankhan-riyasat-pathan/mobile_portfolio_ws/install/perception_pkg:/home/amankhan-riyasat-pathan/ros2_ws/install/turtle_controller:/home/amankhan-riyasat-pathan/ros2_ws/install/my_py_pkg:/home/amankhan-riyasat-pathan/install/my_py_pkg:/home/amankhan-riyasat-pathan/ros2_proj/install/turtle_controller:/home/amankhan-riyasat-pathan/ros2_proj/install/pub_sub_project:/opt/ros/jazzy DEBUGINFOD_URLS=https://debuginfod.ubuntu.com /usr/bin/cmake --install /home/amankhan-riyasat-pathan/mobile_portfolio_ws/build/turtlebot3_node
[0.666s] -- Install configuration: ""
[0.666s] -- Execute custom install script
[0.666s] -- Up-to-date symlink: /home/amankhan-riyasat-pathan/mobile_portfolio_ws/install/turtlebot3_node/share/turtlebot3_node/param/burger.yaml
[0.666s] -- Up-to-date symlink: /home/amankhan-riyasat-pathan/mobile_portfolio_ws/install/turtlebot3_node/share/turtlebot3_node/param/waffle.yaml
[0.666s] -- Up-to-date symlink: /home/amankhan-riyasat-pathan/mobile_portfolio_ws/install/turtlebot3_node/share/turtlebot3_node/param/waffle_pi.yaml
[0.666s] -- Up-to-date symlink: /home/amankhan-riyasat-pathan/mobile_portfolio_ws/install/turtlebot3_node/lib/turtlebot3_node/turtlebot3_ros
[0.666s] -- Up-to-date symlink: /home/amankhan-riyasat-pathan/mobile_portfolio_ws/install/turtlebot3_node/share/ament_index/resource_index/package_run_dependencies/turtlebot3_node
[0.666s] -- Up-to-date symlink: /home/amankhan-riyasat-pathan/mobile_portfolio_ws/install/turtlebot3_node/share/ament_index/resource_index/parent_prefix_path/turtlebot3_node
[0.666s] -- Up-to-date symlink: /home/amankhan-riyasat-pathan/mobile_portfolio_ws/install/turtlebot3_node/share/turtlebot3_node/environment/ament_prefix_path.sh
[0.666s] -- Up-to-date symlink: /home/amankhan-riyasat-pathan/mobile_portfolio_ws/install/turtlebot3_node/share/turtlebot3_node/environment/ament_prefix_path.dsv
[0.666s] -- Up-to-date symlink: /home/amankhan-riyasat-pathan/mobile_portfolio_ws/install/turtlebot3_node/share/turtlebot3_node/environment/path.sh
[0.666s] -- Up-to-date symlink: /home/amankhan-riyasat-pathan/mobile_portfolio_ws/install/turtlebot3_node/share/turtlebot3_node/environment/path.dsv
[0.667s] -- Up-to-date symlink: /home/amankhan-riyasat-pathan/mobile_portfolio_ws/install/turtlebot3_node/share/turtlebot3_node/local_setup.bash
[0.667s] -- Up-to-date symlink: /home/amankhan-riyasat-pathan/mobile_portfolio_ws/install/turtlebot3_node/share/turtlebot3_node/local_setup.sh
[0.667s] -- Up-to-date symlink: /home/amankhan-riyasat-pathan/mobile_portfolio_ws/install/turtlebot3_node/share/turtlebot3_node/local_setup.zsh
[0.667s] -- Up-to-date symlink: /home/amankhan-riyasat-pathan/mobile_portfolio_ws/install/turtlebot3_node/share/turtlebot3_node/local_setup.dsv
[0.667s] -- Symlinking: /home/amankhan-riyasat-pathan/mobile_portfolio_ws/install/turtlebot3_node/share/turtlebot3_node/package.dsv
[0.667s] -- Up-to-date symlink: /home/amankhan-riyasat-pathan/mobile_portfolio_ws/install/turtlebot3_node/share/ament_index/resource_index/packages/turtlebot3_node
[0.667s] -- Up-to-date symlink: /home/amankhan-riyasat-pathan/mobile_portfolio_ws/install/turtlebot3_node/share/turtlebot3_node/cmake/ament_cmake_export_dependencies-extras.cmake
[0.667s] -- Up-to-date symlink: /home/amankhan-riyasat-pathan/mobile_portfolio_ws/install/turtlebot3_node/share/turtlebot3_node/cmake/ament_cmake_export_include_directories-extras.cmake
[0.667s] -- Up-to-date symlink: /home/amankhan-riyasat-pathan/mobile_portfolio_ws/install/turtlebot3_node/share/turtlebot3_node/cmake/turtlebot3_nodeConfig.cmake
[0.667s] -- Up-to-date symlink: /home/amankhan-riyasat-pathan/mobile_portfolio_ws/install/turtlebot3_node/share/turtlebot3_node/cmake/turtlebot3_nodeConfig-version.cmake
[0.667s] -- Up-to-date symlink: /home/amankhan-riyasat-pathan/mobile_portfolio_ws/install/turtlebot3_node/share/turtlebot3_node/package.xml
[0.712s] Invoked command in '/home/amankhan-riyasat-pathan/mobile_portfolio_ws/build/turtlebot3_node' returned '0': CMAKE_PREFIX_PATH=${CMAKE_PREFIX_PATH}:/home/amankhan-riyasat-pathan/mobile_portfolio_ws/install/turtlebot3_teleop:/home/amankhan-riyasat-pathan/mobile_portfolio_ws/install/turtlebot3_example:/home/amankhan-riyasat-pathan/mobile_portfolio_ws/install/perception_pkg:/home/amankhan-riyasat-pathan/ros2_ws/install/turtle_controller:/home/amankhan-riyasat-pathan/ros2_ws/install/my_py_pkg:/home/amankhan-riyasat-pathan/install/my_py_pkg:/home/amankhan-riyasat-pathan/ros2_proj/install/turtle_controller:/home/amankhan-riyasat-pathan/ros2_proj/install/pub_sub_project:/opt/ros/jazzy DEBUGINFOD_URLS=https://debuginfod.ubuntu.com /usr/bin/cmake --install /home/amankhan-riyasat-pathan/mobile_portfolio_ws/build/turtlebot3_node
