[1.241s] Invoking command in '/home/amankhan-riyasat-pathan/mobile_portfolio_ws/build/turtlebot3_example': DEBUGINFOD_URLS=https://debuginfod.ubuntu.com PYTHONPATH=/home/amankhan-riyasat-pathan/mobile_portfolio_ws/build/turtlebot3_example/prefix_override:/usr/lib/python3/dist-packages/colcon_core/task/python/colcon_distutils_commands:/home/amankhan-riyasat-pathan/mobile_portfolio_ws/install/turtlebot3_example/lib/python3.12/site-packages:${PYTHONPATH} /usr/bin/python3 -W ignore:setup.py install is deprecated -W ignore:easy_install command is deprecated setup.py develop --editable --build-directory /home/amankhan-riyasat-pathan/mobile_portfolio_ws/build/turtlebot3_example/build --no-deps symlink_data
[1.555s] running develop
[1.763s] running egg_info
[1.782s] writing turtlebot3_example.egg-info/PKG-INFO
[1.783s] writing dependency_links to turtlebot3_example.egg-info/dependency_links.txt
[1.783s] writing entry points to turtlebot3_example.egg-info/entry_points.txt
[1.783s] writing requirements to turtlebot3_example.egg-info/requires.txt
[1.783s] writing top-level names to turtlebot3_example.egg-info/top_level.txt
[1.826s] reading manifest file 'turtlebot3_example.egg-info/SOURCES.txt'
[1.826s] writing manifest file 'turtlebot3_example.egg-info/SOURCES.txt'
[1.848s] running build_ext
[1.848s] Creating /home/amankhan-riyasat-pathan/mobile_portfolio_ws/install/turtlebot3_example/lib/python3.12/site-packages/turtlebot3-example.egg-link (link to .)
[1.849s] Installing turtlebot3_absolute_move script to /home/amankhan-riyasat-pathan/mobile_portfolio_ws/install/turtlebot3_example/lib/turtlebot3_example
[1.849s] Installing turtlebot3_interactive_marker script to /home/amankhan-riyasat-pathan/mobile_portfolio_ws/install/turtlebot3_example/lib/turtlebot3_example
[1.849s] Installing turtlebot3_obstacle_detection script to /home/amankhan-riyasat-pathan/mobile_portfolio_ws/install/turtlebot3_example/lib/turtlebot3_example
[1.849s] Installing turtlebot3_patrol_client script to /home/amankhan-riyasat-pathan/mobile_portfolio_ws/install/turtlebot3_example/lib/turtlebot3_example
[1.849s] Installing turtlebot3_patrol_server script to /home/amankhan-riyasat-pathan/mobile_portfolio_ws/install/turtlebot3_example/lib/turtlebot3_example
[1.849s] Installing turtlebot3_relative_move script to /home/amankhan-riyasat-pathan/mobile_portfolio_ws/install/turtlebot3_example/lib/turtlebot3_example
[1.850s] 
[1.850s] Installed /home/amankhan-riyasat-pathan/mobile_portfolio_ws/build/turtlebot3_example
[1.850s] running symlink_data
[1.891s] Invoked command in '/home/amankhan-riyasat-pathan/mobile_portfolio_ws/build/turtlebot3_example' returned '0': DEBUGINFOD_URLS=https://debuginfod.ubuntu.com PYTHONPATH=/home/amankhan-riyasat-pathan/mobile_portfolio_ws/build/turtlebot3_example/prefix_override:/usr/lib/python3/dist-packages/colcon_core/task/python/colcon_distutils_commands:/home/amankhan-riyasat-pathan/mobile_portfolio_ws/install/turtlebot3_example/lib/python3.12/site-packages:${PYTHONPATH} /usr/bin/python3 -W ignore:setup.py install is deprecated -W ignore:easy_install command is deprecated setup.py develop --editable --build-directory /home/amankhan-riyasat-pathan/mobile_portfolio_ws/build/turtlebot3_example/build --no-deps symlink_data
