[0.028s] Invoking command in '/home/amankhan-riyasat-pathan/mobile_portfolio_ws/build/burger_camera_pkg': CMAKE_PREFIX_PATH=${CMAKE_PREFIX_PATH}:/home/amankhan-riyasat-pathan/mobile_portfolio_ws/install/turtlebot3_teleop:/home/amankhan-riyasat-pathan/mobile_portfolio_ws/install/turtlebot3_example:/home/amankhan-riyasat-pathan/mobile_portfolio_ws/install/perception_pkg:/home/amankhan-riyasat-pathan/ros2_ws/install/turtle_controller:/home/amankhan-riyasat-pathan/ros2_ws/install/my_py_pkg:/home/amankhan-riyasat-pathan/install/my_py_pkg:/home/amankhan-riyasat-pathan/ros2_proj/install/turtle_controller:/home/amankhan-riyasat-pathan/ros2_proj/install/pub_sub_project:/opt/ros/jazzy DEBUGINFOD_URLS=https://debuginfod.ubuntu.com /usr/bin/cmake --build /home/amankhan-riyasat-pathan/mobile_portfolio_ws/build/burger_camera_pkg -- -j12 -l12
[0.051s] -- Found ament_cmake: 2.5.4 (/opt/ros/jazzy/share/ament_cmake/cmake)
[0.245s] -- Found ament_lint_auto: 0.17.3 (/opt/ros/jazzy/share/ament_lint_auto/cmake)
[0.326s] -- Added test 'flake8' to check Python code syntax and style conventions
[0.326s] -- Configured 'flake8' exclude dirs and/or files: 
[0.326s] -- Added test 'lint_cmake' to check CMake code style
[0.327s] -- Added test 'pep257' to check Python code against some of the docstring style conventions in PEP 257
[0.328s] -- Added test 'xmllint' to check XML markup files
[0.328s] -- Configuring done (0.3s)
[0.331s] -- Generating done (0.0s)
[0.333s] -- Build files have been written to: /home/amankhan-riyasat-pathan/mobile_portfolio_ws/build/burger_camera_pkg
[0.357s] Invoked command in '/home/amankhan-riyasat-pathan/mobile_portfolio_ws/build/burger_camera_pkg' returned '0': CMAKE_PREFIX_PATH=${CMAKE_PREFIX_PATH}:/home/amankhan-riyasat-pathan/mobile_portfolio_ws/install/turtlebot3_teleop:/home/amankhan-riyasat-pathan/mobile_portfolio_ws/install/turtlebot3_example:/home/amankhan-riyasat-pathan/mobile_portfolio_ws/install/perception_pkg:/home/amankhan-riyasat-pathan/ros2_ws/install/turtle_controller:/home/amankhan-riyasat-pathan/ros2_ws/install/my_py_pkg:/home/amankhan-riyasat-pathan/install/my_py_pkg:/home/amankhan-riyasat-pathan/ros2_proj/install/turtle_controller:/home/amankhan-riyasat-pathan/ros2_proj/install/pub_sub_project:/opt/ros/jazzy DEBUGINFOD_URLS=https://debuginfod.ubuntu.com /usr/bin/cmake --build /home/amankhan-riyasat-pathan/mobile_portfolio_ws/build/burger_camera_pkg -- -j12 -l12
[0.367s] Invoking command in '/home/amankhan-riyasat-pathan/mobile_portfolio_ws/build/burger_camera_pkg': CMAKE_PREFIX_PATH=${CMAKE_PREFIX_PATH}:/home/amankhan-riyasat-pathan/mobile_portfolio_ws/install/turtlebot3_teleop:/home/amankhan-riyasat-pathan/mobile_portfolio_ws/install/turtlebot3_example:/home/amankhan-riyasat-pathan/mobile_portfolio_ws/install/perception_pkg:/home/amankhan-riyasat-pathan/ros2_ws/install/turtle_controller:/home/amankhan-riyasat-pathan/ros2_ws/install/my_py_pkg:/home/amankhan-riyasat-pathan/install/my_py_pkg:/home/amankhan-riyasat-pathan/ros2_proj/install/turtle_controller:/home/amankhan-riyasat-pathan/ros2_proj/install/pub_sub_project:/opt/ros/jazzy DEBUGINFOD_URLS=https://debuginfod.ubuntu.com /usr/bin/cmake --install /home/amankhan-riyasat-pathan/mobile_portfolio_ws/build/burger_camera_pkg
[0.375s] -- Install configuration: ""
[0.375s] -- Installing: /home/amankhan-riyasat-pathan/mobile_portfolio_ws/install/burger_camera_pkg/share/burger_camera_pkg//launch
[0.375s] -- Installing: /home/amankhan-riyasat-pathan/mobile_portfolio_ws/install/burger_camera_pkg/share/burger_camera_pkg//launch/spawn_burger_camera.launch.py
[0.375s] -- Up-to-date: /home/amankhan-riyasat-pathan/mobile_portfolio_ws/install/burger_camera_pkg/share/ament_index/resource_index/package_run_dependencies/burger_camera_pkg
[0.376s] -- Installing: /home/amankhan-riyasat-pathan/mobile_portfolio_ws/install/burger_camera_pkg/share/ament_index/resource_index/parent_prefix_path/burger_camera_pkg
[0.376s] -- Up-to-date: /home/amankhan-riyasat-pathan/mobile_portfolio_ws/install/burger_camera_pkg/share/burger_camera_pkg/environment/ament_prefix_path.sh
[0.376s] -- Up-to-date: /home/amankhan-riyasat-pathan/mobile_portfolio_ws/install/burger_camera_pkg/share/burger_camera_pkg/environment/ament_prefix_path.dsv
[0.376s] -- Up-to-date: /home/amankhan-riyasat-pathan/mobile_portfolio_ws/install/burger_camera_pkg/share/burger_camera_pkg/environment/path.sh
[0.376s] -- Up-to-date: /home/amankhan-riyasat-pathan/mobile_portfolio_ws/install/burger_camera_pkg/share/burger_camera_pkg/environment/path.dsv
[0.376s] -- Up-to-date: /home/amankhan-riyasat-pathan/mobile_portfolio_ws/install/burger_camera_pkg/share/burger_camera_pkg/local_setup.bash
[0.376s] -- Up-to-date: /home/amankhan-riyasat-pathan/mobile_portfolio_ws/install/burger_camera_pkg/share/burger_camera_pkg/local_setup.sh
[0.376s] -- Up-to-date: /home/amankhan-riyasat-pathan/mobile_portfolio_ws/install/burger_camera_pkg/share/burger_camera_pkg/local_setup.zsh
[0.376s] -- Up-to-date: /home/amankhan-riyasat-pathan/mobile_portfolio_ws/install/burger_camera_pkg/share/burger_camera_pkg/local_setup.dsv
[0.376s] -- Installing: /home/amankhan-riyasat-pathan/mobile_portfolio_ws/install/burger_camera_pkg/share/burger_camera_pkg/package.dsv
[0.377s] -- Up-to-date: /home/amankhan-riyasat-pathan/mobile_portfolio_ws/install/burger_camera_pkg/share/ament_index/resource_index/packages/burger_camera_pkg
[0.377s] -- Up-to-date: /home/amankhan-riyasat-pathan/mobile_portfolio_ws/install/burger_camera_pkg/share/burger_camera_pkg/cmake/burger_camera_pkgConfig.cmake
[0.377s] -- Up-to-date: /home/amankhan-riyasat-pathan/mobile_portfolio_ws/install/burger_camera_pkg/share/burger_camera_pkg/cmake/burger_camera_pkgConfig-version.cmake
[0.377s] -- Up-to-date: /home/amankhan-riyasat-pathan/mobile_portfolio_ws/install/burger_camera_pkg/share/burger_camera_pkg/package.xml
[0.378s] Invoked command in '/home/amankhan-riyasat-pathan/mobile_portfolio_ws/build/burger_camera_pkg' returned '0': CMAKE_PREFIX_PATH=${CMAKE_PREFIX_PATH}:/home/amankhan-riyasat-pathan/mobile_portfolio_ws/install/turtlebot3_teleop:/home/amankhan-riyasat-pathan/mobile_portfolio_ws/install/turtlebot3_example:/home/amankhan-riyasat-pathan/mobile_portfolio_ws/install/perception_pkg:/home/amankhan-riyasat-pathan/ros2_ws/install/turtle_controller:/home/amankhan-riyasat-pathan/ros2_ws/install/my_py_pkg:/home/amankhan-riyasat-pathan/install/my_py_pkg:/home/amankhan-riyasat-pathan/ros2_proj/install/turtle_controller:/home/amankhan-riyasat-pathan/ros2_proj/install/pub_sub_project:/opt/ros/jazzy DEBUGINFOD_URLS=https://debuginfod.ubuntu.com /usr/bin/cmake --install /home/amankhan-riyasat-pathan/mobile_portfolio_ws/build/burger_camera_pkg
