[0.262s] DEBUG:colcon:Command line arguments: ['/usr/bin/colcon', 'build', '--symlink-install']
[0.262s] DEBUG:colcon:Parsed command line arguments: Namespace(log_base=None, log_level=None, verb_name='build', build_base='build', install_base='install', merge_install=False, symlink_install=True, test_result_base=None, continue_on_error=False, executor='parallel', parallel_workers=12, event_handlers=None, ignore_user_meta=False, metas=['./colcon.meta'], base_paths=['.'], packages_ignore=None, packages_ignore_regex=None, paths=None, packages_up_to=None, packages_up_to_regex=None, packages_above=None, packages_above_and_dependencies=None, packages_above_depth=None, packages_select_by_dep=None, packages_skip_by_dep=None, packages_skip_up_to=None, packages_select_build_failed=False, packages_skip_build_finished=False, packages_select_test_failures=False, packages_skip_test_passed=False, packages_select=None, packages_skip=None, packages_select_regex=None, packages_skip_regex=None, packages_start=None, packages_end=None, allow_overriding=[], cmake_args=None, cmake_target=None, cmake_target_skip_unavailable=False, cmake_clean_cache=False, cmake_clean_first=False, cmake_force_configure=False, ament_cmake_args=None, catkin_cmake_args=None, catkin_skip_building_tests=False, mixin_files=None, mixin=None, verb_parser=<colcon_mixin.mixin.mixin_argument.MixinArgumentDecorator object at 0x7ba0531b2060>, verb_extension=<colcon_core.verb.build.BuildVerb object at 0x7ba0531b1e20>, main=<bound method BuildVerb.main of <colcon_core.verb.build.BuildVerb object at 0x7ba0531b1e20>>, mixin_verb=('build',))
[0.343s] Level 1:colcon.colcon_core.package_discovery:discover_packages(colcon_meta) check parameters
[0.343s] Level 1:colcon.colcon_core.package_discovery:discover_packages(recursive) check parameters
[0.343s] Level 1:colcon.colcon_core.package_discovery:discover_packages(ignore) check parameters
[0.343s] Level 1:colcon.colcon_core.package_discovery:discover_packages(path) check parameters
[0.343s] Level 1:colcon.colcon_core.package_discovery:discover_packages(colcon_meta) discover
[0.343s] Level 1:colcon.colcon_core.package_discovery:discover_packages(recursive) discover
[0.343s] INFO:colcon.colcon_core.package_discovery:Crawling recursively for packages in '/home/amankhan-riyasat-pathan/mobile_portfolio_ws'
[0.344s] Level 1:colcon.colcon_core.package_identification:_identify(.) by extensions ['ignore', 'ignore_ament_install']
[0.344s] Level 1:colcon.colcon_core.package_identification:_identify(.) by extension 'ignore'
[0.344s] Level 1:colcon.colcon_core.package_identification:_identify(.) by extension 'ignore_ament_install'
[0.344s] Level 1:colcon.colcon_core.package_identification:_identify(.) by extensions ['colcon_pkg']
[0.344s] Level 1:colcon.colcon_core.package_identification:_identify(.) by extension 'colcon_pkg'
[0.344s] Level 1:colcon.colcon_core.package_identification:_identify(.) by extensions ['colcon_meta']
[0.344s] Level 1:colcon.colcon_core.package_identification:_identify(.) by extension 'colcon_meta'
[0.344s] Level 1:colcon.colcon_core.package_identification:_identify(.) by extensions ['ros']
[0.344s] Level 1:colcon.colcon_core.package_identification:_identify(.) by extension 'ros'
[0.385s] Level 1:colcon.colcon_core.package_identification:_identify(.) by extensions ['cmake', 'python']
[0.385s] Level 1:colcon.colcon_core.package_identification:_identify(.) by extension 'cmake'
[0.385s] Level 1:colcon.colcon_core.package_identification:_identify(.) by extension 'python'
[0.385s] Level 1:colcon.colcon_core.package_identification:_identify(.) by extensions ['python_setup_py']
[0.385s] Level 1:colcon.colcon_core.package_identification:_identify(.) by extension 'python_setup_py'
[0.386s] Level 1:colcon.colcon_core.package_identification:_identify(build) by extensions ['ignore', 'ignore_ament_install']
[0.387s] Level 1:colcon.colcon_core.package_identification:_identify(build) by extension 'ignore'
[0.387s] Level 1:colcon.colcon_core.package_identification:_identify(build) ignored
[0.387s] Level 1:colcon.colcon_core.package_identification:_identify(install) by extensions ['ignore', 'ignore_ament_install']
[0.387s] Level 1:colcon.colcon_core.package_identification:_identify(install) by extension 'ignore'
[0.388s] Level 1:colcon.colcon_core.package_identification:_identify(install) ignored
[0.388s] Level 1:colcon.colcon_core.package_identification:_identify(log) by extensions ['ignore', 'ignore_ament_install']
[0.388s] Level 1:colcon.colcon_core.package_identification:_identify(log) by extension 'ignore'
[0.388s] Level 1:colcon.colcon_core.package_identification:_identify(log) ignored
[0.389s] Level 1:colcon.colcon_core.package_identification:_identify(src) by extensions ['ignore', 'ignore_ament_install']
[0.389s] Level 1:colcon.colcon_core.package_identification:_identify(src) by extension 'ignore'
[0.389s] Level 1:colcon.colcon_core.package_identification:_identify(src) by extension 'ignore_ament_install'
[0.390s] Level 1:colcon.colcon_core.package_identification:_identify(src) by extensions ['colcon_pkg']
[0.390s] Level 1:colcon.colcon_core.package_identification:_identify(src) by extension 'colcon_pkg'
[0.390s] Level 1:colcon.colcon_core.package_identification:_identify(src) by extensions ['colcon_meta']
[0.390s] Level 1:colcon.colcon_core.package_identification:_identify(src) by extension 'colcon_meta'
[0.390s] Level 1:colcon.colcon_core.package_identification:_identify(src) by extensions ['ros']
[0.390s] Level 1:colcon.colcon_core.package_identification:_identify(src) by extension 'ros'
[0.390s] Level 1:colcon.colcon_core.package_identification:_identify(src) by extensions ['cmake', 'python']
[0.390s] Level 1:colcon.colcon_core.package_identification:_identify(src) by extension 'cmake'
[0.390s] Level 1:colcon.colcon_core.package_identification:_identify(src) by extension 'python'
[0.390s] Level 1:colcon.colcon_core.package_identification:_identify(src) by extensions ['python_setup_py']
[0.390s] Level 1:colcon.colcon_core.package_identification:_identify(src) by extension 'python_setup_py'
[0.391s] Level 1:colcon.colcon_core.package_identification:_identify(src/maps) by extensions ['ignore', 'ignore_ament_install']
[0.392s] Level 1:colcon.colcon_core.package_identification:_identify(src/maps) by extension 'ignore'
[0.392s] Level 1:colcon.colcon_core.package_identification:_identify(src/maps) by extension 'ignore_ament_install'
[0.392s] Level 1:colcon.colcon_core.package_identification:_identify(src/maps) by extensions ['colcon_pkg']
[0.392s] Level 1:colcon.colcon_core.package_identification:_identify(src/maps) by extension 'colcon_pkg'
[0.392s] Level 1:colcon.colcon_core.package_identification:_identify(src/maps) by extensions ['colcon_meta']
[0.392s] Level 1:colcon.colcon_core.package_identification:_identify(src/maps) by extension 'colcon_meta'
[0.392s] Level 1:colcon.colcon_core.package_identification:_identify(src/maps) by extensions ['ros']
[0.392s] Level 1:colcon.colcon_core.package_identification:_identify(src/maps) by extension 'ros'
[0.393s] Level 1:colcon.colcon_core.package_identification:_identify(src/maps) by extensions ['cmake', 'python']
[0.393s] Level 1:colcon.colcon_core.package_identification:_identify(src/maps) by extension 'cmake'
[0.393s] Level 1:colcon.colcon_core.package_identification:_identify(src/maps) by extension 'python'
[0.393s] Level 1:colcon.colcon_core.package_identification:_identify(src/maps) by extensions ['python_setup_py']
[0.393s] Level 1:colcon.colcon_core.package_identification:_identify(src/maps) by extension 'python_setup_py'
[0.393s] Level 1:colcon.colcon_core.package_identification:_identify(src/perception_pkg) by extensions ['ignore', 'ignore_ament_install']
[0.393s] Level 1:colcon.colcon_core.package_identification:_identify(src/perception_pkg) by extension 'ignore'
[0.393s] Level 1:colcon.colcon_core.package_identification:_identify(src/perception_pkg) by extension 'ignore_ament_install'
[0.394s] Level 1:colcon.colcon_core.package_identification:_identify(src/perception_pkg) by extensions ['colcon_pkg']
[0.394s] Level 1:colcon.colcon_core.package_identification:_identify(src/perception_pkg) by extension 'colcon_pkg'
[0.394s] Level 1:colcon.colcon_core.package_identification:_identify(src/perception_pkg) by extensions ['colcon_meta']
[0.394s] Level 1:colcon.colcon_core.package_identification:_identify(src/perception_pkg) by extension 'colcon_meta'
[0.394s] Level 1:colcon.colcon_core.package_identification:_identify(src/perception_pkg) by extensions ['ros']
[0.394s] Level 1:colcon.colcon_core.package_identification:_identify(src/perception_pkg) by extension 'ros'
[0.398s] DEBUG:colcon.colcon_core.package_identification:Package 'src/perception_pkg' with type 'ros.ament_python' and name 'perception_pkg'
[0.398s] Level 1:colcon.colcon_core.package_discovery:discover_packages(recursive) using defaults
[0.398s] Level 1:colcon.colcon_core.package_discovery:discover_packages(ignore) discover
[0.398s] Level 1:colcon.colcon_core.package_discovery:discover_packages(ignore) using defaults
[0.398s] Level 1:colcon.colcon_core.package_discovery:discover_packages(path) discover
[0.399s] Level 1:colcon.colcon_core.package_discovery:discover_packages(path) using defaults
[0.432s] Level 1:colcon.colcon_core.package_discovery:discover_packages(prefix_path) check parameters
[0.432s] Level 1:colcon.colcon_core.package_discovery:discover_packages(prefix_path) discover
[0.440s] DEBUG:colcon.colcon_installed_package_information.package_discovery:Found 2 installed packages in /home/amankhan-riyasat-pathan/ros2_proj/install
[0.440s] DEBUG:colcon.colcon_installed_package_information.package_discovery:Found 3 installed packages in /home/amankhan-riyasat-pathan/ros2_ws/install
[0.441s] DEBUG:colcon.colcon_installed_package_information.package_discovery:Found 1 installed packages in /home/amankhan-riyasat-pathan/install
[0.445s] DEBUG:colcon.colcon_installed_package_information.package_discovery:Found 512 installed packages in /opt/ros/jazzy
[0.449s] Level 1:colcon.colcon_core.package_discovery:discover_packages(prefix_path) using defaults
[0.555s] Level 5:colcon.colcon_core.verb:set package 'perception_pkg' build argument 'cmake_args' from command line to 'None'
[0.555s] Level 5:colcon.colcon_core.verb:set package 'perception_pkg' build argument 'cmake_target' from command line to 'None'
[0.555s] Level 5:colcon.colcon_core.verb:set package 'perception_pkg' build argument 'cmake_target_skip_unavailable' from command line to 'False'
[0.555s] Level 5:colcon.colcon_core.verb:set package 'perception_pkg' build argument 'cmake_clean_cache' from command line to 'False'
[0.555s] Level 5:colcon.colcon_core.verb:set package 'perception_pkg' build argument 'cmake_clean_first' from command line to 'False'
[0.555s] Level 5:colcon.colcon_core.verb:set package 'perception_pkg' build argument 'cmake_force_configure' from command line to 'False'
[0.555s] Level 5:colcon.colcon_core.verb:set package 'perception_pkg' build argument 'ament_cmake_args' from command line to 'None'
[0.555s] Level 5:colcon.colcon_core.verb:set package 'perception_pkg' build argument 'catkin_cmake_args' from command line to 'None'
[0.555s] Level 5:colcon.colcon_core.verb:set package 'perception_pkg' build argument 'catkin_skip_building_tests' from command line to 'False'
[0.555s] DEBUG:colcon.colcon_core.verb:Building package 'perception_pkg' with the following arguments: {'ament_cmake_args': None, 'build_base': '/home/amankhan-riyasat-pathan/mobile_portfolio_ws/build/perception_pkg', 'catkin_cmake_args': None, 'catkin_skip_building_tests': False, 'cmake_args': None, 'cmake_clean_cache': False, 'cmake_clean_first': False, 'cmake_force_configure': False, 'cmake_target': None, 'cmake_target_skip_unavailable': False, 'install_base': '/home/amankhan-riyasat-pathan/mobile_portfolio_ws/install/perception_pkg', 'merge_install': False, 'path': '/home/amankhan-riyasat-pathan/mobile_portfolio_ws/src/perception_pkg', 'symlink_install': True, 'test_result_base': None}
[0.555s] INFO:colcon.colcon_core.executor:Executing jobs using 'parallel' executor
[0.557s] DEBUG:colcon.colcon_parallel_executor.executor.parallel:run_until_complete
[0.557s] INFO:colcon.colcon_ros.task.ament_python.build:Building ROS package in '/home/amankhan-riyasat-pathan/mobile_portfolio_ws/src/perception_pkg' with build type 'ament_python'
[0.557s] Level 1:colcon.colcon_core.shell:create_environment_hook('perception_pkg', 'ament_prefix_path')
[0.563s] INFO:colcon.colcon_core.plugin_system:Skipping extension 'colcon_core.shell.bat': Not used on non-Windows systems
[0.563s] INFO:colcon.colcon_core.shell:Creating environment hook '/home/amankhan-riyasat-pathan/mobile_portfolio_ws/install/perception_pkg/share/perception_pkg/hook/ament_prefix_path.ps1'
[0.566s] INFO:colcon.colcon_core.shell:Creating environment descriptor '/home/amankhan-riyasat-pathan/mobile_portfolio_ws/install/perception_pkg/share/perception_pkg/hook/ament_prefix_path.dsv'
[0.567s] INFO:colcon.colcon_core.shell:Creating environment hook '/home/amankhan-riyasat-pathan/mobile_portfolio_ws/install/perception_pkg/share/perception_pkg/hook/ament_prefix_path.sh'
[0.568s] INFO:colcon.colcon_core.shell:Skip shell extension 'powershell' for command environment: Not usable outside of PowerShell
[0.568s] DEBUG:colcon.colcon_core.shell:Skip shell extension 'dsv' for command environment
[0.967s] INFO:colcon.colcon_core.task.python.build:Building Python package in '/home/amankhan-riyasat-pathan/mobile_portfolio_ws/src/perception_pkg'
[0.967s] INFO:colcon.colcon_core.shell:Skip shell extension 'powershell' for command environment: Not usable outside of PowerShell
[0.967s] DEBUG:colcon.colcon_core.shell:Skip shell extension 'dsv' for command environment
[2.151s] DEBUG:colcon.colcon_core.event_handler.log_command:Invoking command in '/home/amankhan-riyasat-pathan/mobile_portfolio_ws/build/perception_pkg': DEBUGINFOD_URLS=https://debuginfod.ubuntu.com PYTHONPATH=/home/amankhan-riyasat-pathan/mobile_portfolio_ws/build/perception_pkg/prefix_override:/usr/lib/python3/dist-packages/colcon_core/task/python/colcon_distutils_commands:/home/amankhan-riyasat-pathan/mobile_portfolio_ws/install/perception_pkg/lib/python3.12/site-packages:${PYTHONPATH} /usr/bin/python3 -W ignore:setup.py install is deprecated -W ignore:easy_install command is deprecated setup.py develop --editable --build-directory /home/amankhan-riyasat-pathan/mobile_portfolio_ws/build/perception_pkg/build --no-deps symlink_data
[3.358s] Level 1:colcon.colcon_core.shell:create_environment_hook('perception_pkg', 'pythonpath_develop')
[3.358s] INFO:colcon.colcon_core.shell:Creating environment hook '/home/amankhan-riyasat-pathan/mobile_portfolio_ws/build/perception_pkg/share/perception_pkg/hook/pythonpath_develop.ps1'
[3.360s] DEBUG:colcon.colcon_core.event_handler.log_command:Invoked command in '/home/amankhan-riyasat-pathan/mobile_portfolio_ws/build/perception_pkg' returned '0': DEBUGINFOD_URLS=https://debuginfod.ubuntu.com PYTHONPATH=/home/amankhan-riyasat-pathan/mobile_portfolio_ws/build/perception_pkg/prefix_override:/usr/lib/python3/dist-packages/colcon_core/task/python/colcon_distutils_commands:/home/amankhan-riyasat-pathan/mobile_portfolio_ws/install/perception_pkg/lib/python3.12/site-packages:${PYTHONPATH} /usr/bin/python3 -W ignore:setup.py install is deprecated -W ignore:easy_install command is deprecated setup.py develop --editable --build-directory /home/amankhan-riyasat-pathan/mobile_portfolio_ws/build/perception_pkg/build --no-deps symlink_data
[3.360s] INFO:colcon.colcon_core.shell:Creating environment descriptor '/home/amankhan-riyasat-pathan/mobile_portfolio_ws/build/perception_pkg/share/perception_pkg/hook/pythonpath_develop.dsv'
[3.361s] INFO:colcon.colcon_core.shell:Creating environment hook '/home/amankhan-riyasat-pathan/mobile_portfolio_ws/build/perception_pkg/share/perception_pkg/hook/pythonpath_develop.sh'
[3.379s] Level 1:colcon.colcon_core.environment:checking '/home/amankhan-riyasat-pathan/mobile_portfolio_ws/install/perception_pkg' for CMake module files
[3.380s] Level 1:colcon.colcon_core.environment:checking '/home/amankhan-riyasat-pathan/mobile_portfolio_ws/install/perception_pkg' for CMake config files
[3.384s] Level 1:colcon.colcon_core.environment:checking '/home/amankhan-riyasat-pathan/mobile_portfolio_ws/install/perception_pkg/lib'
[3.384s] Level 1:colcon.colcon_core.environment:checking '/home/amankhan-riyasat-pathan/mobile_portfolio_ws/install/perception_pkg/bin'
[3.384s] Level 1:colcon.colcon_core.environment:checking '/home/amankhan-riyasat-pathan/mobile_portfolio_ws/install/perception_pkg/lib/pkgconfig/perception_pkg.pc'
[3.385s] Level 1:colcon.colcon_core.environment:checking '/home/amankhan-riyasat-pathan/mobile_portfolio_ws/install/perception_pkg/lib/python3.12/site-packages'
[3.385s] Level 1:colcon.colcon_core.shell:create_environment_hook('perception_pkg', 'pythonpath')
[3.385s] INFO:colcon.colcon_core.shell:Creating environment hook '/home/amankhan-riyasat-pathan/mobile_portfolio_ws/install/perception_pkg/share/perception_pkg/hook/pythonpath.ps1'
[3.386s] INFO:colcon.colcon_core.shell:Creating environment descriptor '/home/amankhan-riyasat-pathan/mobile_portfolio_ws/install/perception_pkg/share/perception_pkg/hook/pythonpath.dsv'
[3.386s] INFO:colcon.colcon_core.shell:Creating environment hook '/home/amankhan-riyasat-pathan/mobile_portfolio_ws/install/perception_pkg/share/perception_pkg/hook/pythonpath.sh'
[3.387s] Level 1:colcon.colcon_core.environment:checking '/home/amankhan-riyasat-pathan/mobile_portfolio_ws/install/perception_pkg/bin'
[3.387s] Level 1:colcon.colcon_core.environment:create_environment_scripts_only(perception_pkg)
[3.388s] INFO:colcon.colcon_core.shell:Creating package script '/home/amankhan-riyasat-pathan/mobile_portfolio_ws/install/perception_pkg/share/perception_pkg/package.ps1'
[3.389s] INFO:colcon.colcon_core.shell:Creating package descriptor '/home/amankhan-riyasat-pathan/mobile_portfolio_ws/install/perception_pkg/share/perception_pkg/package.dsv'
[3.390s] INFO:colcon.colcon_core.shell:Creating package script '/home/amankhan-riyasat-pathan/mobile_portfolio_ws/install/perception_pkg/share/perception_pkg/package.sh'
[3.391s] INFO:colcon.colcon_core.shell:Creating package script '/home/amankhan-riyasat-pathan/mobile_portfolio_ws/install/perception_pkg/share/perception_pkg/package.bash'
[3.392s] INFO:colcon.colcon_core.shell:Creating package script '/home/amankhan-riyasat-pathan/mobile_portfolio_ws/install/perception_pkg/share/perception_pkg/package.zsh'
[3.393s] Level 1:colcon.colcon_core.environment:create_file_with_runtime_dependencies(/home/amankhan-riyasat-pathan/mobile_portfolio_ws/install/perception_pkg/share/colcon-core/packages/perception_pkg)
[3.393s] DEBUG:colcon.colcon_parallel_executor.executor.parallel:closing loop
[3.394s] DEBUG:colcon.colcon_parallel_executor.executor.parallel:loop closed
[3.394s] DEBUG:colcon.colcon_parallel_executor.executor.parallel:run_until_complete finished with '0'
[3.394s] DEBUG:colcon.colcon_core.event_reactor:joining thread
[3.403s] INFO:colcon.colcon_core.plugin_system:Skipping extension 'colcon_notification.desktop_notification.terminal_notifier': Not used on non-Darwin systems
[3.403s] INFO:colcon.colcon_core.plugin_system:Skipping extension 'colcon_notification.desktop_notification.win32': Not used on non-Windows systems
[3.403s] INFO:colcon.colcon_notification.desktop_notification:Sending desktop notification using 'notify2'
[3.426s] DEBUG:colcon.colcon_core.event_reactor:joined thread
[3.427s] INFO:colcon.colcon_core.shell:Creating prefix script '/home/amankhan-riyasat-pathan/mobile_portfolio_ws/install/local_setup.ps1'
[3.429s] INFO:colcon.colcon_core.shell:Creating prefix util module '/home/amankhan-riyasat-pathan/mobile_portfolio_ws/install/_local_setup_util_ps1.py'
[3.431s] INFO:colcon.colcon_core.shell:Creating prefix chain script '/home/amankhan-riyasat-pathan/mobile_portfolio_ws/install/setup.ps1'
[3.433s] INFO:colcon.colcon_core.shell:Creating prefix script '/home/amankhan-riyasat-pathan/mobile_portfolio_ws/install/local_setup.sh'
[3.433s] INFO:colcon.colcon_core.shell:Creating prefix util module '/home/amankhan-riyasat-pathan/mobile_portfolio_ws/install/_local_setup_util_sh.py'
[3.435s] INFO:colcon.colcon_core.shell:Creating prefix chain script '/home/amankhan-riyasat-pathan/mobile_portfolio_ws/install/setup.sh'
[3.436s] INFO:colcon.colcon_core.shell:Creating prefix script '/home/amankhan-riyasat-pathan/mobile_portfolio_ws/install/local_setup.bash'
[3.437s] INFO:colcon.colcon_core.shell:Creating prefix chain script '/home/amankhan-riyasat-pathan/mobile_portfolio_ws/install/setup.bash'
[3.439s] INFO:colcon.colcon_core.shell:Creating prefix script '/home/amankhan-riyasat-pathan/mobile_portfolio_ws/install/local_setup.zsh'
[3.439s] INFO:colcon.colcon_core.shell:Creating prefix chain script '/home/amankhan-riyasat-pathan/mobile_portfolio_ws/install/setup.zsh'
