[0.040s] Invoking command in '/home/amankhan-riyasat-pathan/mobile_portfolio_ws/build/turtlebot3_cartographer': CMAKE_PREFIX_PATH=${CMAKE_PREFIX_PATH}:/home/amankhan-riyasat-pathan/mobile_portfolio_ws/install/turtlebot3_teleop:/home/amankhan-riyasat-pathan/mobile_portfolio_ws/install/turtlebot3_example:/home/amankhan-riyasat-pathan/mobile_portfolio_ws/install/perception_pkg:/home/amankhan-riyasat-pathan/ros2_ws/install/turtle_controller:/home/amankhan-riyasat-pathan/ros2_ws/install/my_py_pkg:/home/amankhan-riyasat-pathan/install/my_py_pkg:/home/amankhan-riyasat-pathan/ros2_proj/install/turtle_controller:/home/amankhan-riyasat-pathan/ros2_proj/install/pub_sub_project:/opt/ros/jazzy DEBUGINFOD_URLS=https://debuginfod.ubuntu.com /usr/bin/cmake /home/amankhan-riyasat-pathan/mobile_portfolio_ws/src/turtlebot3/turtlebot3_cartographer -DAMENT_CMAKE_SYMLINK_INSTALL=1 -DCMAKE_INSTALL_PREFIX=/home/amankhan-riyasat-pathan/mobile_portfolio_ws/install/turtlebot3_cartographer
[0.526s] -- The C compiler identification is GNU 13.3.0
[0.527s] -- The CXX compiler identification is GNU 13.3.0
[0.527s] -- Detecting C compiler ABI info
[0.807s] -- Detecting C compiler ABI info - done
[0.817s] -- Check for working C compiler: /usr/bin/cc - skipped
[0.817s] -- Detecting C compile features
[0.817s] -- Detecting C compile features - done
[0.825s] -- Detecting CXX compiler ABI info
[1.051s] -- Detecting CXX compiler ABI info - done
[1.060s] -- Check for working CXX compiler: /usr/bin/c++ - skipped
[1.060s] -- Detecting CXX compile features
[1.061s] -- Detecting CXX compile features - done
[1.066s] -- Found ament_cmake: 2.5.4 (/opt/ros/jazzy/share/ament_cmake/cmake)
[1.253s] -- Found Python3: /usr/bin/python3 (found version "3.12.3") found components: Interpreter 
[1.332s] -- Override CMake install command with custom implementation using symlinks instead of copying resources
[1.516s] -- Configuring done (1.5s)
[1.520s] -- Generating done (0.0s)
[1.850s] -- Build files have been written to: /home/amankhan-riyasat-pathan/mobile_portfolio_ws/build/turtlebot3_cartographer
[1.857s] Invoked command in '/home/amankhan-riyasat-pathan/mobile_portfolio_ws/build/turtlebot3_cartographer' returned '0': CMAKE_PREFIX_PATH=${CMAKE_PREFIX_PATH}:/home/amankhan-riyasat-pathan/mobile_portfolio_ws/install/turtlebot3_teleop:/home/amankhan-riyasat-pathan/mobile_portfolio_ws/install/turtlebot3_example:/home/amankhan-riyasat-pathan/mobile_portfolio_ws/install/perception_pkg:/home/amankhan-riyasat-pathan/ros2_ws/install/turtle_controller:/home/amankhan-riyasat-pathan/ros2_ws/install/my_py_pkg:/home/amankhan-riyasat-pathan/install/my_py_pkg:/home/amankhan-riyasat-pathan/ros2_proj/install/turtle_controller:/home/amankhan-riyasat-pathan/ros2_proj/install/pub_sub_project:/opt/ros/jazzy DEBUGINFOD_URLS=https://debuginfod.ubuntu.com /usr/bin/cmake /home/amankhan-riyasat-pathan/mobile_portfolio_ws/src/turtlebot3/turtlebot3_cartographer -DAMENT_CMAKE_SYMLINK_INSTALL=1 -DCMAKE_INSTALL_PREFIX=/home/amankhan-riyasat-pathan/mobile_portfolio_ws/install/turtlebot3_cartographer
[1.859s] Invoking command in '/home/amankhan-riyasat-pathan/mobile_portfolio_ws/build/turtlebot3_cartographer': CMAKE_PREFIX_PATH=${CMAKE_PREFIX_PATH}:/home/amankhan-riyasat-pathan/mobile_portfolio_ws/install/turtlebot3_teleop:/home/amankhan-riyasat-pathan/mobile_portfolio_ws/install/turtlebot3_example:/home/amankhan-riyasat-pathan/mobile_portfolio_ws/install/perception_pkg:/home/amankhan-riyasat-pathan/ros2_ws/install/turtle_controller:/home/amankhan-riyasat-pathan/ros2_ws/install/my_py_pkg:/home/amankhan-riyasat-pathan/install/my_py_pkg:/home/amankhan-riyasat-pathan/ros2_proj/install/turtle_controller:/home/amankhan-riyasat-pathan/ros2_proj/install/pub_sub_project:/opt/ros/jazzy DEBUGINFOD_URLS=https://debuginfod.ubuntu.com /usr/bin/cmake --build /home/amankhan-riyasat-pathan/mobile_portfolio_ws/build/turtlebot3_cartographer -- -j12 -l12
[1.917s] Invoked command in '/home/amankhan-riyasat-pathan/mobile_portfolio_ws/build/turtlebot3_cartographer' returned '0': CMAKE_PREFIX_PATH=${CMAKE_PREFIX_PATH}:/home/amankhan-riyasat-pathan/mobile_portfolio_ws/install/turtlebot3_teleop:/home/amankhan-riyasat-pathan/mobile_portfolio_ws/install/turtlebot3_example:/home/amankhan-riyasat-pathan/mobile_portfolio_ws/install/perception_pkg:/home/amankhan-riyasat-pathan/ros2_ws/install/turtle_controller:/home/amankhan-riyasat-pathan/ros2_ws/install/my_py_pkg:/home/amankhan-riyasat-pathan/install/my_py_pkg:/home/amankhan-riyasat-pathan/ros2_proj/install/turtle_controller:/home/amankhan-riyasat-pathan/ros2_proj/install/pub_sub_project:/opt/ros/jazzy DEBUGINFOD_URLS=https://debuginfod.ubuntu.com /usr/bin/cmake --build /home/amankhan-riyasat-pathan/mobile_portfolio_ws/build/turtlebot3_cartographer -- -j12 -l12
[1.932s] Invoking command in '/home/amankhan-riyasat-pathan/mobile_portfolio_ws/build/turtlebot3_cartographer': CMAKE_PREFIX_PATH=${CMAKE_PREFIX_PATH}:/home/amankhan-riyasat-pathan/mobile_portfolio_ws/install/turtlebot3_teleop:/home/amankhan-riyasat-pathan/mobile_portfolio_ws/install/turtlebot3_example:/home/amankhan-riyasat-pathan/mobile_portfolio_ws/install/perception_pkg:/home/amankhan-riyasat-pathan/ros2_ws/install/turtle_controller:/home/amankhan-riyasat-pathan/ros2_ws/install/my_py_pkg:/home/amankhan-riyasat-pathan/install/my_py_pkg:/home/amankhan-riyasat-pathan/ros2_proj/install/turtle_controller:/home/amankhan-riyasat-pathan/ros2_proj/install/pub_sub_project:/opt/ros/jazzy DEBUGINFOD_URLS=https://debuginfod.ubuntu.com /usr/bin/cmake --install /home/amankhan-riyasat-pathan/mobile_portfolio_ws/build/turtlebot3_cartographer
[1.944s] -- Install configuration: ""
[1.944s] -- Execute custom install script
[1.945s] -- Symlinking: /home/amankhan-riyasat-pathan/mobile_portfolio_ws/install/turtlebot3_cartographer/share/turtlebot3_cartographer/config/turtlebot3_lds_2d.lua
[1.958s] -- Symlinking: /home/amankhan-riyasat-pathan/mobile_portfolio_ws/install/turtlebot3_cartographer/share/turtlebot3_cartographer/launch/cartographer.launch.py
[1.972s] -- Symlinking: /home/amankhan-riyasat-pathan/mobile_portfolio_ws/install/turtlebot3_cartographer/share/turtlebot3_cartographer/launch/occupancy_grid.launch.py
[1.985s] -- Symlinking: /home/amankhan-riyasat-pathan/mobile_portfolio_ws/install/turtlebot3_cartographer/share/turtlebot3_cartographer/rviz/tb3_cartographer.rviz
[1.999s] -- Symlinking: /home/amankhan-riyasat-pathan/mobile_portfolio_ws/install/turtlebot3_cartographer/share/ament_index/resource_index/package_run_dependencies/turtlebot3_cartographer
[2.011s] -- Symlinking: /home/amankhan-riyasat-pathan/mobile_portfolio_ws/install/turtlebot3_cartographer/share/ament_index/resource_index/parent_prefix_path/turtlebot3_cartographer
[2.025s] -- Symlinking: /home/amankhan-riyasat-pathan/mobile_portfolio_ws/install/turtlebot3_cartographer/share/turtlebot3_cartographer/environment/ament_prefix_path.sh
[2.038s] -- Symlinking: /home/amankhan-riyasat-pathan/mobile_portfolio_ws/install/turtlebot3_cartographer/share/turtlebot3_cartographer/environment/ament_prefix_path.dsv
[2.052s] -- Symlinking: /home/amankhan-riyasat-pathan/mobile_portfolio_ws/install/turtlebot3_cartographer/share/turtlebot3_cartographer/environment/path.sh
[2.066s] -- Symlinking: /home/amankhan-riyasat-pathan/mobile_portfolio_ws/install/turtlebot3_cartographer/share/turtlebot3_cartographer/environment/path.dsv
[2.076s] -- Symlinking: /home/amankhan-riyasat-pathan/mobile_portfolio_ws/install/turtlebot3_cartographer/share/turtlebot3_cartographer/local_setup.bash
[2.090s] -- Symlinking: /home/amankhan-riyasat-pathan/mobile_portfolio_ws/install/turtlebot3_cartographer/share/turtlebot3_cartographer/local_setup.sh
[2.314s] -- Symlinking: /home/amankhan-riyasat-pathan/mobile_portfolio_ws/install/turtlebot3_cartographer/share/turtlebot3_cartographer/local_setup.zsh
[2.326s] -- Symlinking: /home/amankhan-riyasat-pathan/mobile_portfolio_ws/install/turtlebot3_cartographer/share/turtlebot3_cartographer/local_setup.dsv
[2.339s] -- Symlinking: /home/amankhan-riyasat-pathan/mobile_portfolio_ws/install/turtlebot3_cartographer/share/turtlebot3_cartographer/package.dsv
[2.353s] -- Symlinking: /home/amankhan-riyasat-pathan/mobile_portfolio_ws/install/turtlebot3_cartographer/share/ament_index/resource_index/packages/turtlebot3_cartographer
[2.365s] -- Symlinking: /home/amankhan-riyasat-pathan/mobile_portfolio_ws/install/turtlebot3_cartographer/share/turtlebot3_cartographer/cmake/turtlebot3_cartographerConfig.cmake
[2.379s] -- Symlinking: /home/amankhan-riyasat-pathan/mobile_portfolio_ws/install/turtlebot3_cartographer/share/turtlebot3_cartographer/cmake/turtlebot3_cartographerConfig-version.cmake
[2.393s] -- Symlinking: /home/amankhan-riyasat-pathan/mobile_portfolio_ws/install/turtlebot3_cartographer/share/turtlebot3_cartographer/package.xml
[2.409s] Invoked command in '/home/amankhan-riyasat-pathan/mobile_portfolio_ws/build/turtlebot3_cartographer' returned '0': CMAKE_PREFIX_PATH=${CMAKE_PREFIX_PATH}:/home/amankhan-riyasat-pathan/mobile_portfolio_ws/install/turtlebot3_teleop:/home/amankhan-riyasat-pathan/mobile_portfolio_ws/install/turtlebot3_example:/home/amankhan-riyasat-pathan/mobile_portfolio_ws/install/perception_pkg:/home/amankhan-riyasat-pathan/ros2_ws/install/turtle_controller:/home/amankhan-riyasat-pathan/ros2_ws/install/my_py_pkg:/home/amankhan-riyasat-pathan/install/my_py_pkg:/home/amankhan-riyasat-pathan/ros2_proj/install/turtle_controller:/home/amankhan-riyasat-pathan/ros2_proj/install/pub_sub_project:/opt/ros/jazzy DEBUGINFOD_URLS=https://debuginfod.ubuntu.com /usr/bin/cmake --install /home/amankhan-riyasat-pathan/mobile_portfolio_ws/build/turtlebot3_cartographer
