[1.428s] Invoking command in '/home/amankhan-riyasat-pathan/mobile_portfolio_ws/build/turtlebot3_example': DEBUGINFOD_URLS=https://debuginfod.ubuntu.com PYTHONPATH=/home/amankhan-riyasat-pathan/mobile_portfolio_ws/build/turtlebot3_example/prefix_override:/usr/lib/python3/dist-packages/colcon_core/task/python/colcon_distutils_commands:/home/amankhan-riyasat-pathan/mobile_portfolio_ws/install/turtlebot3_example/lib/python3.12/site-packages:${PYTHONPATH} /usr/bin/python3 -W ignore:setup.py install is deprecated -W ignore:easy_install command is deprecated setup.py develop --editable --build-directory /home/amankhan-riyasat-pathan/mobile_portfolio_ws/build/turtlebot3_example/build --no-deps symlink_data
[1.854s] running develop
[2.111s] running egg_info
[2.111s] creating turtlebot3_example.egg-info
[2.337s] writing turtlebot3_example.egg-info/PKG-INFO
[2.338s] writing dependency_links to turtlebot3_example.egg-info/dependency_links.txt
[2.338s] writing entry points to turtlebot3_example.egg-info/entry_points.txt
[2.338s] writing requirements to turtlebot3_example.egg-info/requires.txt
[2.338s] writing top-level names to turtlebot3_example.egg-info/top_level.txt
[2.338s] writing manifest file 'turtlebot3_example.egg-info/SOURCES.txt'
[2.390s] reading manifest file 'turtlebot3_example.egg-info/SOURCES.txt'
[2.391s] writing manifest file 'turtlebot3_example.egg-info/SOURCES.txt'
[2.415s] running build_ext
[2.415s] Creating /home/amankhan-riyasat-pathan/mobile_portfolio_ws/install/turtlebot3_example/lib/python3.12/site-packages/turtlebot3-example.egg-link (link to .)
[2.416s] Installing turtlebot3_absolute_move script to /home/amankhan-riyasat-pathan/mobile_portfolio_ws/install/turtlebot3_example/lib/turtlebot3_example
[2.416s] Installing turtlebot3_interactive_marker script to /home/amankhan-riyasat-pathan/mobile_portfolio_ws/install/turtlebot3_example/lib/turtlebot3_example
[2.417s] Installing turtlebot3_obstacle_detection script to /home/amankhan-riyasat-pathan/mobile_portfolio_ws/install/turtlebot3_example/lib/turtlebot3_example
[2.417s] Installing turtlebot3_patrol_client script to /home/amankhan-riyasat-pathan/mobile_portfolio_ws/install/turtlebot3_example/lib/turtlebot3_example
[2.417s] Installing turtlebot3_patrol_server script to /home/amankhan-riyasat-pathan/mobile_portfolio_ws/install/turtlebot3_example/lib/turtlebot3_example
[2.417s] Installing turtlebot3_relative_move script to /home/amankhan-riyasat-pathan/mobile_portfolio_ws/install/turtlebot3_example/lib/turtlebot3_example
[2.417s] 
[2.417s] Installed /home/amankhan-riyasat-pathan/mobile_portfolio_ws/build/turtlebot3_example
[2.417s] running symlink_data
[2.417s] creating /home/amankhan-riyasat-pathan/mobile_portfolio_ws/install/turtlebot3_example/share/ament_index
[2.417s] creating /home/amankhan-riyasat-pathan/mobile_portfolio_ws/install/turtlebot3_example/share/ament_index/resource_index
[2.417s] creating /home/amankhan-riyasat-pathan/mobile_portfolio_ws/install/turtlebot3_example/share/ament_index/resource_index/packages
[2.417s] symbolically linking /home/amankhan-riyasat-pathan/mobile_portfolio_ws/build/turtlebot3_example/resource/turtlebot3_example -> /home/amankhan-riyasat-pathan/mobile_portfolio_ws/install/turtlebot3_example/share/ament_index/resource_index/packages
[2.418s] symbolically linking /home/amankhan-riyasat-pathan/mobile_portfolio_ws/build/turtlebot3_example/package.xml -> /home/amankhan-riyasat-pathan/mobile_portfolio_ws/install/turtlebot3_example/share/turtlebot3_example
[2.708s] Invoked command in '/home/amankhan-riyasat-pathan/mobile_portfolio_ws/build/turtlebot3_example' returned '0': DEBUGINFOD_URLS=https://debuginfod.ubuntu.com PYTHONPATH=/home/amankhan-riyasat-pathan/mobile_portfolio_ws/build/turtlebot3_example/prefix_override:/usr/lib/python3/dist-packages/colcon_core/task/python/colcon_distutils_commands:/home/amankhan-riyasat-pathan/mobile_portfolio_ws/install/turtlebot3_example/lib/python3.12/site-packages:${PYTHONPATH} /usr/bin/python3 -W ignore:setup.py install is deprecated -W ignore:easy_install command is deprecated setup.py develop --editable --build-directory /home/amankhan-riyasat-pathan/mobile_portfolio_ws/build/turtlebot3_example/build --no-deps symlink_data
