[0.746s] Invoking command in '/home/amankhan-riyasat-pathan/mobile_portfolio_ws/build/perception_pkg': DEBUGINFOD_URLS=https://debuginfod.ubuntu.com PYTHONPATH=/home/amankhan-riyasat-pathan/mobile_portfolio_ws/build/perception_pkg/prefix_override:/usr/lib/python3/dist-packages/colcon_core/task/python/colcon_distutils_commands:/home/amankhan-riyasat-pathan/mobile_portfolio_ws/install/perception_pkg/lib/python3.12/site-packages:${PYTHONPATH} /usr/bin/python3 -W ignore:setup.py install is deprecated -W ignore:easy_install command is deprecated setup.py develop --uninstall --editable --build-directory /home/amankhan-riyasat-pathan/mobile_portfolio_ws/build/perception_pkg/build
[1.017s] running develop
[1.218s] Removing /home/amankhan-riyasat-pathan/mobile_portfolio_ws/install/perception_pkg/lib/python3.12/site-packages/perception-pkg.egg-link (link to .)
[1.244s] Invoked command in '/home/amankhan-riyasat-pathan/mobile_portfolio_ws/build/perception_pkg' returned '0': DEBUGINFOD_URLS=https://debuginfod.ubuntu.com PYTHONPATH=/home/amankhan-riyasat-pathan/mobile_portfolio_ws/build/perception_pkg/prefix_override:/usr/lib/python3/dist-packages/colcon_core/task/python/colcon_distutils_commands:/home/amankhan-riyasat-pathan/mobile_portfolio_ws/install/perception_pkg/lib/python3.12/site-packages:${PYTHONPATH} /usr/bin/python3 -W ignore:setup.py install is deprecated -W ignore:easy_install command is deprecated setup.py develop --uninstall --editable --build-directory /home/amankhan-riyasat-pathan/mobile_portfolio_ws/build/perception_pkg/build
[1.245s] Invoking command in '/home/amankhan-riyasat-pathan/mobile_portfolio_ws/src/perception_pkg': DEBUGINFOD_URLS=https://debuginfod.ubuntu.com PYTHONPATH=/home/amankhan-riyasat-pathan/mobile_portfolio_ws/build/perception_pkg/prefix_override:/usr/lib/python3/dist-packages/colcon_core/task/python/colcon_distutils_commands:/home/amankhan-riyasat-pathan/mobile_portfolio_ws/install/perception_pkg/lib/python3.12/site-packages:${PYTHONPATH} /usr/bin/python3 -W ignore:setup.py install is deprecated -W ignore:easy_install command is deprecated setup.py egg_info --egg-base ../../build/perception_pkg build --build-base /home/amankhan-riyasat-pathan/mobile_portfolio_ws/build/perception_pkg/build install --record /home/amankhan-riyasat-pathan/mobile_portfolio_ws/build/perception_pkg/install.log --single-version-externally-managed install_data --force
[1.482s] running egg_info
[1.500s] writing ../../build/perception_pkg/perception_pkg.egg-info/PKG-INFO
[1.501s] writing dependency_links to ../../build/perception_pkg/perception_pkg.egg-info/dependency_links.txt
[1.501s] writing requirements to ../../build/perception_pkg/perception_pkg.egg-info/requires.txt
[1.501s] writing top-level names to ../../build/perception_pkg/perception_pkg.egg-info/top_level.txt
[1.539s] reading manifest file '../../build/perception_pkg/perception_pkg.egg-info/SOURCES.txt'
[1.540s] writing manifest file '../../build/perception_pkg/perception_pkg.egg-info/SOURCES.txt'
[1.540s] running build
[1.540s] running build_py
[1.540s] creating /home/amankhan-riyasat-pathan/mobile_portfolio_ws/build/perception_pkg/build
[1.540s] creating /home/amankhan-riyasat-pathan/mobile_portfolio_ws/build/perception_pkg/build/lib
[1.540s] creating /home/amankhan-riyasat-pathan/mobile_portfolio_ws/build/perception_pkg/build/lib/perception_pkg
[1.540s] copying perception_pkg/__init__.py -> /home/amankhan-riyasat-pathan/mobile_portfolio_ws/build/perception_pkg/build/lib/perception_pkg
[1.541s] running install
[1.545s] running install_lib
[1.564s] creating /home/amankhan-riyasat-pathan/mobile_portfolio_ws/install/perception_pkg/lib/python3.12/site-packages/perception_pkg
[1.565s] copying /home/amankhan-riyasat-pathan/mobile_portfolio_ws/build/perception_pkg/build/lib/perception_pkg/__init__.py -> /home/amankhan-riyasat-pathan/mobile_portfolio_ws/install/perception_pkg/lib/python3.12/site-packages/perception_pkg
[1.565s] byte-compiling /home/amankhan-riyasat-pathan/mobile_portfolio_ws/install/perception_pkg/lib/python3.12/site-packages/perception_pkg/__init__.py to __init__.cpython-312.pyc
[1.565s] running install_data
[1.565s] copying resource/perception_pkg -> /home/amankhan-riyasat-pathan/mobile_portfolio_ws/install/perception_pkg/share/ament_index/resource_index/packages
[1.565s] copying package.xml -> /home/amankhan-riyasat-pathan/mobile_portfolio_ws/install/perception_pkg/share/perception_pkg
[1.565s] running install_egg_info
[1.585s] Copying ../../build/perception_pkg/perception_pkg.egg-info to /home/amankhan-riyasat-pathan/mobile_portfolio_ws/install/perception_pkg/lib/python3.12/site-packages/perception_pkg-0.0.0-py3.12.egg-info
[1.586s] running install_scripts
[1.712s] writing list of installed files to '/home/amankhan-riyasat-pathan/mobile_portfolio_ws/build/perception_pkg/install.log'
[1.736s] Invoked command in '/home/amankhan-riyasat-pathan/mobile_portfolio_ws/src/perception_pkg' returned '0': DEBUGINFOD_URLS=https://debuginfod.ubuntu.com PYTHONPATH=/home/amankhan-riyasat-pathan/mobile_portfolio_ws/build/perception_pkg/prefix_override:/usr/lib/python3/dist-packages/colcon_core/task/python/colcon_distutils_commands:/home/amankhan-riyasat-pathan/mobile_portfolio_ws/install/perception_pkg/lib/python3.12/site-packages:${PYTHONPATH} /usr/bin/python3 -W ignore:setup.py install is deprecated -W ignore:easy_install command is deprecated setup.py egg_info --egg-base ../../build/perception_pkg build --build-base /home/amankhan-riyasat-pathan/mobile_portfolio_ws/build/perception_pkg/build install --record /home/amankhan-riyasat-pathan/mobile_portfolio_ws/build/perception_pkg/install.log --single-version-externally-managed install_data --force
