[0.028s] Invoking command in '/home/amankhan-riyasat-pathan/mobile_portfolio_ws/build/burger_camera_pkg': CMAKE_PREFIX_PATH=${CMAKE_PREFIX_PATH}:/home/amankhan-riyasat-pathan/ros2_ws/install/turtle_controller:/home/amankhan-riyasat-pathan/ros2_ws/install/my_py_pkg:/home/amankhan-riyasat-pathan/install/my_py_pkg:/home/amankhan-riyasat-pathan/ros2_proj/install/turtle_controller:/home/amankhan-riyasat-pathan/ros2_proj/install/pub_sub_project:/opt/ros/jazzy DEBUGINFOD_URLS=https://debuginfod.ubuntu.com /usr/bin/cmake /home/amankhan-riyasat-pathan/mobile_portfolio_ws/src/burger_camera_pkg -DCMAKE_INSTALL_PREFIX=/home/amankhan-riyasat-pathan/mobile_portfolio_ws/install/burger_camera_pkg
[0.526s] -- The C compiler identification is GNU 13.3.0
[0.698s] -- The CXX compiler identification is GNU 13.3.0
[0.728s] -- Detecting C compiler ABI info
[0.829s] -- Detecting C compiler ABI info - done
[0.837s] -- Check for working C compiler: /usr/bin/cc - skipped
[0.838s] -- Detecting C compile features
[0.838s] -- Detecting C compile features - done
[0.849s] -- Detecting CXX compiler ABI info
[0.944s] -- Detecting CXX compiler ABI info - done
[0.952s] -- Check for working CXX compiler: /usr/bin/c++ - skipped
[0.952s] -- Detecting CXX compile features
[0.953s] -- Detecting CXX compile features - done
[0.982s] -- Found ament_cmake: 2.5.4 (/opt/ros/jazzy/share/ament_cmake/cmake)
[1.143s] -- Found Python3: /usr/bin/python3 (found version "3.12.3") found components: Interpreter 
[1.344s] -- Found ament_lint_auto: 0.17.3 (/opt/ros/jazzy/share/ament_lint_auto/cmake)
[1.476s] -- Added test 'flake8' to check Python code syntax and style conventions
[1.476s] -- Configured 'flake8' exclude dirs and/or files: 
[1.477s] -- Added test 'lint_cmake' to check CMake code style
[1.479s] -- Added test 'pep257' to check Python code against some of the docstring style conventions in PEP 257
[1.482s] -- Added test 'xmllint' to check XML markup files
[1.486s] -- Configuring done (1.4s)
[1.490s] -- Generating done (0.0s)
[1.491s] -- Build files have been written to: /home/amankhan-riyasat-pathan/mobile_portfolio_ws/build/burger_camera_pkg
