[0.025s] Invoking command in '/home/amankhan-riyasat-pathan/mobile_portfolio_ws/build/burger_camera_pkg': CMAKE_PREFIX_PATH=${CMAKE_PREFIX_PATH}:/home/amankhan-riyasat-pathan/ros2_ws/install/turtle_controller:/home/amankhan-riyasat-pathan/ros2_ws/install/my_py_pkg:/home/amankhan-riyasat-pathan/install/my_py_pkg:/home/amankhan-riyasat-pathan/ros2_proj/install/turtle_controller:/home/amankhan-riyasat-pathan/ros2_proj/install/pub_sub_project:/opt/ros/jazzy DEBUGINFOD_URLS=https://debuginfod.ubuntu.com /usr/bin/cmake --build /home/amankhan-riyasat-pathan/mobile_portfolio_ws/build/burger_camera_pkg -- -j12 -l12
[0.218s] Invoked command in '/home/amankhan-riyasat-pathan/mobile_portfolio_ws/build/burger_camera_pkg' returned '0': CMAKE_PREFIX_PATH=${CMAKE_PREFIX_PATH}:/home/amankhan-riyasat-pathan/ros2_ws/install/turtle_controller:/home/amankhan-riyasat-pathan/ros2_ws/install/my_py_pkg:/home/amankhan-riyasat-pathan/install/my_py_pkg:/home/amankhan-riyasat-pathan/ros2_proj/install/turtle_controller:/home/amankhan-riyasat-pathan/ros2_proj/install/pub_sub_project:/opt/ros/jazzy DEBUGINFOD_URLS=https://debuginfod.ubuntu.com /usr/bin/cmake --build /home/amankhan-riyasat-pathan/mobile_portfolio_ws/build/burger_camera_pkg -- -j12 -l12
[0.228s] Invoking command in '/home/amankhan-riyasat-pathan/mobile_portfolio_ws/build/burger_camera_pkg': CMAKE_PREFIX_PATH=${CMAKE_PREFIX_PATH}:/home/amankhan-riyasat-pathan/ros2_ws/install/turtle_controller:/home/amankhan-riyasat-pathan/ros2_ws/install/my_py_pkg:/home/amankhan-riyasat-pathan/install/my_py_pkg:/home/amankhan-riyasat-pathan/ros2_proj/install/turtle_controller:/home/amankhan-riyasat-pathan/ros2_proj/install/pub_sub_project:/opt/ros/jazzy DEBUGINFOD_URLS=https://debuginfod.ubuntu.com /usr/bin/cmake --install /home/amankhan-riyasat-pathan/mobile_portfolio_ws/build/burger_camera_pkg
[0.235s] -- Install configuration: ""
[0.236s] -- Installing: /home/amankhan-riyasat-pathan/mobile_portfolio_ws/install/burger_camera_pkg/share/ament_index/resource_index/package_run_dependencies/burger_camera_pkg
[0.236s] -- Installing: /home/amankhan-riyasat-pathan/mobile_portfolio_ws/install/burger_camera_pkg/share/ament_index/resource_index/parent_prefix_path/burger_camera_pkg
[0.236s] -- Installing: /home/amankhan-riyasat-pathan/mobile_portfolio_ws/install/burger_camera_pkg/share/burger_camera_pkg/environment/ament_prefix_path.sh
[0.236s] -- Installing: /home/amankhan-riyasat-pathan/mobile_portfolio_ws/install/burger_camera_pkg/share/burger_camera_pkg/environment/ament_prefix_path.dsv
[0.236s] -- Installing: /home/amankhan-riyasat-pathan/mobile_portfolio_ws/install/burger_camera_pkg/share/burger_camera_pkg/environment/path.sh
[0.236s] -- Installing: /home/amankhan-riyasat-pathan/mobile_portfolio_ws/install/burger_camera_pkg/share/burger_camera_pkg/environment/path.dsv
[0.237s] -- Installing: /home/amankhan-riyasat-pathan/mobile_portfolio_ws/install/burger_camera_pkg/share/burger_camera_pkg/local_setup.bash
[0.237s] -- Installing: /home/amankhan-riyasat-pathan/mobile_portfolio_ws/install/burger_camera_pkg/share/burger_camera_pkg/local_setup.sh
[0.237s] -- Installing: /home/amankhan-riyasat-pathan/mobile_portfolio_ws/install/burger_camera_pkg/share/burger_camera_pkg/local_setup.zsh
[0.237s] -- Installing: /home/amankhan-riyasat-pathan/mobile_portfolio_ws/install/burger_camera_pkg/share/burger_camera_pkg/local_setup.dsv
[0.237s] -- Installing: /home/amankhan-riyasat-pathan/mobile_portfolio_ws/install/burger_camera_pkg/share/burger_camera_pkg/package.dsv
[0.237s] -- Installing: /home/amankhan-riyasat-pathan/mobile_portfolio_ws/install/burger_camera_pkg/share/ament_index/resource_index/packages/burger_camera_pkg
[0.237s] -- Installing: /home/amankhan-riyasat-pathan/mobile_portfolio_ws/install/burger_camera_pkg/share/burger_camera_pkg/cmake/burger_camera_pkgConfig.cmake
[0.237s] -- Installing: /home/amankhan-riyasat-pathan/mobile_portfolio_ws/install/burger_camera_pkg/share/burger_camera_pkg/cmake/burger_camera_pkgConfig-version.cmake
[0.238s] -- Installing: /home/amankhan-riyasat-pathan/mobile_portfolio_ws/install/burger_camera_pkg/share/burger_camera_pkg/package.xml
[0.239s] Invoked command in '/home/amankhan-riyasat-pathan/mobile_portfolio_ws/build/burger_camera_pkg' returned '0': CMAKE_PREFIX_PATH=${CMAKE_PREFIX_PATH}:/home/amankhan-riyasat-pathan/ros2_ws/install/turtle_controller:/home/amankhan-riyasat-pathan/ros2_ws/install/my_py_pkg:/home/amankhan-riyasat-pathan/install/my_py_pkg:/home/amankhan-riyasat-pathan/ros2_proj/install/turtle_controller:/home/amankhan-riyasat-pathan/ros2_proj/install/pub_sub_project:/opt/ros/jazzy DEBUGINFOD_URLS=https://debuginfod.ubuntu.com /usr/bin/cmake --install /home/amankhan-riyasat-pathan/mobile_portfolio_ws/build/burger_camera_pkg
