[1.363s] Invoking command in '/home/amankhan-riyasat-pathan/mobile_portfolio_ws/build/turtlebot3_teleop': DEBUGINFOD_URLS=https://debuginfod.ubuntu.com PYTHONPATH=/home/amankhan-riyasat-pathan/mobile_portfolio_ws/build/turtlebot3_teleop/prefix_override:/usr/lib/python3/dist-packages/colcon_core/task/python/colcon_distutils_commands:/home/amankhan-riyasat-pathan/mobile_portfolio_ws/install/turtlebot3_teleop/lib/python3.12/site-packages:${PYTHONPATH} /usr/bin/python3 -W ignore:setup.py install is deprecated -W ignore:easy_install command is deprecated setup.py develop --editable --build-directory /home/amankhan-riyasat-pathan/mobile_portfolio_ws/build/turtlebot3_teleop/build --no-deps symlink_data
[1.732s] running develop
[1.979s] running egg_info
[1.980s] creating turtlebot3_teleop.egg-info
[2.003s] writing turtlebot3_teleop.egg-info/PKG-INFO
[2.003s] writing dependency_links to turtlebot3_teleop.egg-info/dependency_links.txt
[2.004s] writing entry points to turtlebot3_teleop.egg-info/entry_points.txt
[2.004s] writing requirements to turtlebot3_teleop.egg-info/requires.txt
[2.004s] writing top-level names to turtlebot3_teleop.egg-info/top_level.txt
[2.004s] writing manifest file 'turtlebot3_teleop.egg-info/SOURCES.txt'
[2.056s] reading manifest file 'turtlebot3_teleop.egg-info/SOURCES.txt'
[2.057s] writing manifest file 'turtlebot3_teleop.egg-info/SOURCES.txt'
[2.083s] running build_ext
[2.084s] Creating /home/amankhan-riyasat-pathan/mobile_portfolio_ws/install/turtlebot3_teleop/lib/python3.12/site-packages/turtlebot3-teleop.egg-link (link to .)
[2.290s] Installing teleop_keyboard script to /home/amankhan-riyasat-pathan/mobile_portfolio_ws/install/turtlebot3_teleop/lib/turtlebot3_teleop
[2.290s] 
[2.290s] Installed /home/amankhan-riyasat-pathan/mobile_portfolio_ws/build/turtlebot3_teleop
[2.290s] running symlink_data
[2.291s] creating /home/amankhan-riyasat-pathan/mobile_portfolio_ws/install/turtlebot3_teleop/share/ament_index
[2.291s] creating /home/amankhan-riyasat-pathan/mobile_portfolio_ws/install/turtlebot3_teleop/share/ament_index/resource_index
[2.291s] creating /home/amankhan-riyasat-pathan/mobile_portfolio_ws/install/turtlebot3_teleop/share/ament_index/resource_index/packages
[2.291s] symbolically linking /home/amankhan-riyasat-pathan/mobile_portfolio_ws/build/turtlebot3_teleop/resource/turtlebot3_teleop -> /home/amankhan-riyasat-pathan/mobile_portfolio_ws/install/turtlebot3_teleop/share/ament_index/resource_index/packages
[2.291s] symbolically linking /home/amankhan-riyasat-pathan/mobile_portfolio_ws/build/turtlebot3_teleop/package.xml -> /home/amankhan-riyasat-pathan/mobile_portfolio_ws/install/turtlebot3_teleop/share/turtlebot3_teleop
[2.327s] Invoked command in '/home/amankhan-riyasat-pathan/mobile_portfolio_ws/build/turtlebot3_teleop' returned '0': DEBUGINFOD_URLS=https://debuginfod.ubuntu.com PYTHONPATH=/home/amankhan-riyasat-pathan/mobile_portfolio_ws/build/turtlebot3_teleop/prefix_override:/usr/lib/python3/dist-packages/colcon_core/task/python/colcon_distutils_commands:/home/amankhan-riyasat-pathan/mobile_portfolio_ws/install/turtlebot3_teleop/lib/python3.12/site-packages:${PYTHONPATH} /usr/bin/python3 -W ignore:setup.py install is deprecated -W ignore:easy_install command is deprecated setup.py develop --editable --build-directory /home/amankhan-riyasat-pathan/mobile_portfolio_ws/build/turtlebot3_teleop/build --no-deps symlink_data
