-- Install configuration: ""
-- Execute custom install script
-- Up-to-date symlink: /home/amankhan-riyasat-pathan/mobile_portfolio_ws/install/turtlebot3_xacro/share/turtlebot3_xacro/environment/resource_paths.dsv
-- Up-to-date symlink: /home/amankhan-riyasat-pathan/mobile_portfolio_ws/install/turtlebot3_xacro/share/turtlebot3_xacro/launch/Twist.yaml
-- Up-to-date symlink: /home/amankhan-riyasat-pathan/mobile_portfolio_ws/install/turtlebot3_xacro/share/turtlebot3_xacro/launch/bringup_launch.py
-- Up-to-date symlink: /home/amankhan-riyasat-pathan/mobile_portfolio_ws/install/turtlebot3_xacro/share/turtlebot3_xacro/launch/cam_launch.py
-- Up-to-date symlink: /home/amankhan-riyasat-pathan/mobile_portfolio_ws/install/turtlebot3_xacro/share/turtlebot3_xacro/launch/description_launch.py
-- Up-to-date symlink: /home/amankhan-riyasat-pathan/mobile_portfolio_ws/install/turtlebot3_xacro/share/turtlebot3_xacro/launch/manual_launch.py
-- Up-to-date symlink: /home/amankhan-riyasat-pathan/mobile_portfolio_ws/install/turtlebot3_xacro/share/turtlebot3_xacro/launch/rviz_launch.py
-- Up-to-date symlink: /home/amankhan-riyasat-pathan/mobile_portfolio_ws/install/turtlebot3_xacro/share/turtlebot3_xacro/launch/upload_launch.py
-- Up-to-date symlink: /home/amankhan-riyasat-pathan/mobile_portfolio_ws/install/turtlebot3_xacro/share/turtlebot3_xacro/launch/world_launch.py
-- Up-to-date symlink: /home/amankhan-riyasat-pathan/mobile_portfolio_ws/install/turtlebot3_xacro/share/turtlebot3_xacro/config/ekf.yaml
-- Up-to-date symlink: /home/amankhan-riyasat-pathan/mobile_portfolio_ws/install/turtlebot3_xacro/share/turtlebot3_xacro/config/model.rviz
-- Up-to-date symlink: /home/amankhan-riyasat-pathan/mobile_portfolio_ws/install/turtlebot3_xacro/share/turtlebot3_xacro/config/pi_camera.yaml
-- Up-to-date symlink: /home/amankhan-riyasat-pathan/mobile_portfolio_ws/install/turtlebot3_xacro/share/turtlebot3_xacro/meshes/bases/burger_base.stl
-- Up-to-date symlink: /home/amankhan-riyasat-pathan/mobile_portfolio_ws/install/turtlebot3_xacro/share/turtlebot3_xacro/meshes/bases/waffle_base.stl
-- Up-to-date symlink: /home/amankhan-riyasat-pathan/mobile_portfolio_ws/install/turtlebot3_xacro/share/turtlebot3_xacro/meshes/bases/waffle_pi_base.stl
-- Up-to-date symlink: /home/amankhan-riyasat-pathan/mobile_portfolio_ws/install/turtlebot3_xacro/share/turtlebot3_xacro/meshes/sensors/astra.dae
-- Up-to-date symlink: /home/amankhan-riyasat-pathan/mobile_portfolio_ws/install/turtlebot3_xacro/share/turtlebot3_xacro/meshes/sensors/astra.jpg
-- Up-to-date symlink: /home/amankhan-riyasat-pathan/mobile_portfolio_ws/install/turtlebot3_xacro/share/turtlebot3_xacro/meshes/sensors/lds.stl
-- Up-to-date symlink: /home/amankhan-riyasat-pathan/mobile_portfolio_ws/install/turtlebot3_xacro/share/turtlebot3_xacro/meshes/sensors/r200.dae
-- Up-to-date symlink: /home/amankhan-riyasat-pathan/mobile_portfolio_ws/install/turtlebot3_xacro/share/turtlebot3_xacro/meshes/sensors/r200.jpg
-- Up-to-date symlink: /home/amankhan-riyasat-pathan/mobile_portfolio_ws/install/turtlebot3_xacro/share/turtlebot3_xacro/meshes/wheels/left_tire.stl
-- Up-to-date symlink: /home/amankhan-riyasat-pathan/mobile_portfolio_ws/install/turtlebot3_xacro/share/turtlebot3_xacro/meshes/wheels/right_tire.stl
-- Up-to-date symlink: /home/amankhan-riyasat-pathan/mobile_portfolio_ws/install/turtlebot3_xacro/share/turtlebot3_xacro/urdf/common_properties.urdf
-- Up-to-date symlink: /home/amankhan-riyasat-pathan/mobile_portfolio_ws/install/turtlebot3_xacro/share/turtlebot3_xacro/urdf/common_properties.xacro
-- Up-to-date symlink: /home/amankhan-riyasat-pathan/mobile_portfolio_ws/install/turtlebot3_xacro/share/turtlebot3_xacro/urdf/turtlebot3_burger.urdf.xacro
-- Up-to-date symlink: /home/amankhan-riyasat-pathan/mobile_portfolio_ws/install/turtlebot3_xacro/share/turtlebot3_xacro/urdf/turtlebot3_gazebo.xacro
-- Up-to-date symlink: /home/amankhan-riyasat-pathan/mobile_portfolio_ws/install/turtlebot3_xacro/share/turtlebot3_xacro/urdf/turtlebot3_waffle_pi.urdf.xacro
-- Up-to-date symlink: /home/amankhan-riyasat-pathan/mobile_portfolio_ws/install/turtlebot3_xacro/share/turtlebot3_xacro/urdf/turtlebot3_world.sdf
-- Up-to-date symlink: /home/amankhan-riyasat-pathan/mobile_portfolio_ws/install/turtlebot3_xacro/lib/turtlebot3_xacro/99-turtlebot3-cdc.rules
-- Up-to-date symlink: /home/amankhan-riyasat-pathan/mobile_portfolio_ws/install/turtlebot3_xacro/lib/turtlebot3_xacro/bringup.sh
-- Up-to-date symlink: /home/amankhan-riyasat-pathan/mobile_portfolio_ws/install/turtlebot3_xacro/lib/turtlebot3_xacro/create_udev_rules
-- Up-to-date symlink: /home/amankhan-riyasat-pathan/mobile_portfolio_ws/install/turtlebot3_xacro/lib/turtlebot3_xacro/odometry.py
-- Up-to-date symlink: /home/amankhan-riyasat-pathan/mobile_portfolio_ws/install/turtlebot3_xacro/lib/turtlebot3_xacro/record4slam.sh
-- Up-to-date symlink: /home/amankhan-riyasat-pathan/mobile_portfolio_ws/install/turtlebot3_xacro/lib/turtlebot3_xacro/setup_boot_bringup.sh
-- Up-to-date symlink: /home/amankhan-riyasat-pathan/mobile_portfolio_ws/install/turtlebot3_xacro/lib/turtlebot3_xacro/sync_time.sh
-- Up-to-date symlink: /home/amankhan-riyasat-pathan/mobile_portfolio_ws/install/turtlebot3_xacro/share/ament_index/resource_index/package_run_dependencies/turtlebot3_xacro
-- Up-to-date symlink: /home/amankhan-riyasat-pathan/mobile_portfolio_ws/install/turtlebot3_xacro/share/ament_index/resource_index/parent_prefix_path/turtlebot3_xacro
-- Up-to-date symlink: /home/amankhan-riyasat-pathan/mobile_portfolio_ws/install/turtlebot3_xacro/share/turtlebot3_xacro/environment/ament_prefix_path.sh
-- Up-to-date symlink: /home/amankhan-riyasat-pathan/mobile_portfolio_ws/install/turtlebot3_xacro/share/turtlebot3_xacro/environment/ament_prefix_path.dsv
-- Up-to-date symlink: /home/amankhan-riyasat-pathan/mobile_portfolio_ws/install/turtlebot3_xacro/share/turtlebot3_xacro/environment/path.sh
-- Up-to-date symlink: /home/amankhan-riyasat-pathan/mobile_portfolio_ws/install/turtlebot3_xacro/share/turtlebot3_xacro/environment/path.dsv
-- Up-to-date symlink: /home/amankhan-riyasat-pathan/mobile_portfolio_ws/install/turtlebot3_xacro/share/turtlebot3_xacro/local_setup.bash
-- Up-to-date symlink: /home/amankhan-riyasat-pathan/mobile_portfolio_ws/install/turtlebot3_xacro/share/turtlebot3_xacro/local_setup.sh
-- Up-to-date symlink: /home/amankhan-riyasat-pathan/mobile_portfolio_ws/install/turtlebot3_xacro/share/turtlebot3_xacro/local_setup.zsh
-- Up-to-date symlink: /home/amankhan-riyasat-pathan/mobile_portfolio_ws/install/turtlebot3_xacro/share/turtlebot3_xacro/local_setup.dsv
-- Symlinking: /home/amankhan-riyasat-pathan/mobile_portfolio_ws/install/turtlebot3_xacro/share/turtlebot3_xacro/package.dsv
-- Up-to-date symlink: /home/amankhan-riyasat-pathan/mobile_portfolio_ws/install/turtlebot3_xacro/share/ament_index/resource_index/packages/turtlebot3_xacro
-- Up-to-date symlink: /home/amankhan-riyasat-pathan/mobile_portfolio_ws/install/turtlebot3_xacro/share/turtlebot3_xacro/cmake/turtlebot3_xacroConfig.cmake
-- Up-to-date symlink: /home/amankhan-riyasat-pathan/mobile_portfolio_ws/install/turtlebot3_xacro/share/turtlebot3_xacro/cmake/turtlebot3_xacroConfig-version.cmake
-- Up-to-date symlink: /home/amankhan-riyasat-pathan/mobile_portfolio_ws/install/turtlebot3_xacro/share/turtlebot3_xacro/package.xml
